\BOOKMARK [0][-]{chapter.1}{\376\377\0001\000\040\000H\000i\000e\000r\000a\000r\000c\000h\000i\000c\000a\000l\000\040\000I\000n\000d\000e\000x}{}% 1
\BOOKMARK [1][-]{section.1.1}{\376\377\0001\000.\0001\000\040\000C\000l\000a\000s\000s\000\040\000H\000i\000e\000r\000a\000r\000c\000h\000y}{chapter.1}% 2
\BOOKMARK [0][-]{chapter.2}{\376\377\0002\000\040\000D\000a\000t\000a\000\040\000S\000t\000r\000u\000c\000t\000u\000r\000e\000\040\000I\000n\000d\000e\000x}{}% 3
\BOOKMARK [1][-]{section.2.1}{\376\377\0002\000.\0001\000\040\000D\000a\000t\000a\000\040\000S\000t\000r\000u\000c\000t\000u\000r\000e\000s}{chapter.2}% 4
\BOOKMARK [0][-]{chapter.3}{\376\377\0003\000\040\000F\000i\000l\000e\000\040\000I\000n\000d\000e\000x}{}% 5
\BOOKMARK [1][-]{section.3.1}{\376\377\0003\000.\0001\000\040\000F\000i\000l\000e\000\040\000L\000i\000s\000t}{chapter.3}% 6
\BOOKMARK [0][-]{chapter.4}{\376\377\0004\000\040\000D\000a\000t\000a\000\040\000S\000t\000r\000u\000c\000t\000u\000r\000e\000\040\000D\000o\000c\000u\000m\000e\000n\000t\000a\000t\000i\000o\000n}{}% 7
\BOOKMARK [1][-]{section.4.1}{\376\377\0004\000.\0001\000\040\000P\000h\000y\000s\000L\000i\000s\000t\000E\000m\000S\000t\000a\000n\000d\000a\000r\000d\000\040\000C\000l\000a\000s\000s\000\040\000R\000e\000f\000e\000r\000e\000n\000c\000e}{chapter.4}% 8
\BOOKMARK [2][-]{subsection.4.1.1}{\376\377\0004\000.\0001\000.\0001\000\040\000D\000e\000t\000a\000i\000l\000e\000d\000\040\000D\000e\000s\000c\000r\000i\000p\000t\000i\000o\000n}{section.4.1}% 9
\BOOKMARK [2][-]{subsection.4.1.2}{\376\377\0004\000.\0001\000.\0002\000\040\000C\000o\000n\000s\000t\000r\000u\000c\000t\000o\000r\000\040\000\046\000\040\000D\000e\000s\000t\000r\000u\000c\000t\000o\000r\000\040\000D\000o\000c\000u\000m\000e\000n\000t\000a\000t\000i\000o\000n}{section.4.1}% 10
\BOOKMARK [3][-]{subsubsection.4.1.2.1}{\376\377\0004\000.\0001\000.\0002\000.\0001\000\040\000P\000h\000y\000s\000L\000i\000s\000t\000E\000m\000S\000t\000a\000n\000d\000a\000r\000d\000\050\000c\000o\000n\000s\000t\000\040\000G\0004\000S\000t\000r\000i\000n\000g\000\040\000\046\000n\000a\000m\000e\000=\000"\000"\000s\000t\000a\000n\000d\000a\000r\000d\000"\000"\000\051}{subsection.4.1.2}% 11
\BOOKMARK [3][-]{subsubsection.4.1.2.2}{\376\377\0004\000.\0001\000.\0002\000.\0002\000\040\000P\000h\000y\000s\000L\000i\000s\000t\000E\000m\000S\000t\000a\000n\000d\000a\000r\000d\000\050\000\051}{subsection.4.1.2}% 12
\BOOKMARK [2][-]{subsection.4.1.3}{\376\377\0004\000.\0001\000.\0003\000\040\000M\000e\000m\000b\000e\000r\000\040\000F\000u\000n\000c\000t\000i\000o\000n\000\040\000D\000o\000c\000u\000m\000e\000n\000t\000a\000t\000i\000o\000n}{section.4.1}% 13
\BOOKMARK [3][-]{subsubsection.4.1.3.1}{\376\377\0004\000.\0001\000.\0003\000.\0001\000\040\000C\000o\000n\000s\000t\000r\000u\000c\000t\000P\000a\000r\000t\000i\000c\000l\000e\000\050\000\051}{subsection.4.1.3}% 14
\BOOKMARK [3][-]{subsubsection.4.1.3.2}{\376\377\0004\000.\0001\000.\0003\000.\0002\000\040\000C\000o\000n\000s\000t\000r\000u\000c\000t\000P\000r\000o\000c\000e\000s\000s\000\050\000\051}{subsection.4.1.3}% 15
\BOOKMARK [1][-]{section.4.2}{\376\377\0004\000.\0002\000\040\000R\000u\000n\000A\000c\000t\000i\000o\000n\000\040\000C\000l\000a\000s\000s\000\040\000R\000e\000f\000e\000r\000e\000n\000c\000e}{chapter.4}% 16
\BOOKMARK [2][-]{subsection.4.2.1}{\376\377\0004\000.\0002\000.\0001\000\040\000D\000e\000t\000a\000i\000l\000e\000d\000\040\000D\000e\000s\000c\000r\000i\000p\000t\000i\000o\000n}{section.4.2}% 17
\BOOKMARK [2][-]{subsection.4.2.2}{\376\377\0004\000.\0002\000.\0002\000\040\000C\000o\000n\000s\000t\000r\000u\000c\000t\000o\000r\000\040\000\046\000\040\000D\000e\000s\000t\000r\000u\000c\000t\000o\000r\000\040\000D\000o\000c\000u\000m\000e\000n\000t\000a\000t\000i\000o\000n}{section.4.2}% 18
\BOOKMARK [3][-]{subsubsection.4.2.2.1}{\376\377\0004\000.\0002\000.\0002\000.\0001\000\040\000R\000u\000n\000A\000c\000t\000i\000o\000n\000\050\000U\000M\000E\000v\000e\000n\000t\000A\000c\000t\000i\000o\000n\000\040\000e\000v\000A\000c\000t\000\051}{subsection.4.2.2}% 19
\BOOKMARK [3][-]{subsubsection.4.2.2.2}{\376\377\0004\000.\0002\000.\0002\000.\0002\000\040\000R\000u\000n\000A\000c\000t\000i\000o\000n\000\050\000\051}{subsection.4.2.2}% 20
\BOOKMARK [2][-]{subsection.4.2.3}{\376\377\0004\000.\0002\000.\0003\000\040\000M\000e\000m\000b\000e\000r\000\040\000F\000u\000n\000c\000t\000i\000o\000n\000\040\000D\000o\000c\000u\000m\000e\000n\000t\000a\000t\000i\000o\000n}{section.4.2}% 21
\BOOKMARK [3][-]{subsubsection.4.2.3.1}{\376\377\0004\000.\0002\000.\0003\000.\0001\000\040\000B\000e\000g\000i\000n\000O\000f\000R\000u\000n\000A\000c\000t\000i\000o\000n\000\050\000c\000o\000n\000s\000t\000\040\000G\0004\000R\000u\000n\000\040\000\051}{subsection.4.2.3}% 22
\BOOKMARK [3][-]{subsubsection.4.2.3.2}{\376\377\0004\000.\0002\000.\0003\000.\0002\000\040\000E\000n\000d\000O\000f\000R\000u\000n\000A\000c\000t\000i\000o\000n\000\050\000c\000o\000n\000s\000t\000\040\000G\0004\000R\000u\000n\000\040\000\051}{subsection.4.2.3}% 23
\BOOKMARK [2][-]{subsection.4.2.4}{\376\377\0004\000.\0002\000.\0004\000\040\000F\000i\000e\000l\000d\000\040\000D\000o\000c\000u\000m\000e\000n\000t\000a\000t\000i\000o\000n}{section.4.2}% 24
\BOOKMARK [3][-]{subsubsection.4.2.4.1}{\376\377\0004\000.\0002\000.\0004\000.\0001\000\040\000R\000S\000a\000v\000e\000r}{subsection.4.2.4}% 25
\BOOKMARK [3][-]{subsubsection.4.2.4.2}{\376\377\0004\000.\0002\000.\0004\000.\0002\000\040\000u\000m\000E\000v\000e\000n\000t\000A\000c\000t\000i\000o\000n}{subsection.4.2.4}% 26
\BOOKMARK [1][-]{section.4.3}{\376\377\0004\000.\0003\000\040\000U\000M\000C\000o\000n\000f\000i\000g\000\040\000S\000t\000r\000u\000c\000t\000\040\000R\000e\000f\000e\000r\000e\000n\000c\000e}{chapter.4}% 27
\BOOKMARK [2][-]{subsection.4.3.1}{\376\377\0004\000.\0003\000.\0001\000\040\000D\000e\000t\000a\000i\000l\000e\000d\000\040\000D\000e\000s\000c\000r\000i\000p\000t\000i\000o\000n}{section.4.3}% 28
\BOOKMARK [2][-]{subsection.4.3.2}{\376\377\0004\000.\0003\000.\0002\000\040\000F\000i\000e\000l\000d\000\040\000D\000o\000c\000u\000m\000e\000n\000t\000a\000t\000i\000o\000n}{section.4.3}% 29
\BOOKMARK [3][-]{subsubsection.4.3.2.1}{\376\377\0004\000.\0003\000.\0002\000.\0001\000\040\000a\000c\000t\000i\000v\000e\000\137\000a\000r\000e\000a\000\137\000h\000a\000l\000f\000Y}{subsection.4.3.2}% 30
\BOOKMARK [3][-]{subsubsection.4.3.2.2}{\376\377\0004\000.\0003\000.\0002\000.\0002\000\040\000a\000c\000t\000i\000v\000e\000\137\000a\000r\000e\000a\000\137\000h\000a\000l\000f\000Z}{subsection.4.3.2}% 31
\BOOKMARK [3][-]{subsubsection.4.3.2.3}{\376\377\0004\000.\0003\000.\0002\000.\0003\000\040\000a\000m\000p\000l\000i\000f\000i\000c\000a\000t\000i\000o\000n\000\137\000g\000a\000p}{subsection.4.3.2}% 32
\BOOKMARK [3][-]{subsubsection.4.3.2.4}{\376\377\0004\000.\0003\000.\0002\000.\0004\000\040\000A\000r\000M\000o\000l\000W\000e\000i\000g\000h\000t}{subsection.4.3.2}% 33
\BOOKMARK [3][-]{subsubsection.4.3.2.5}{\376\377\0004\000.\0003\000.\0002\000.\0005\000\040\000A\000r\000P\000e\000r\000C\000e\000n\000t\000\137\000n\000o\000r\000m}{subsection.4.3.2}% 34
\BOOKMARK [3][-]{subsubsection.4.3.2.6}{\376\377\0004\000.\0003\000.\0002\000.\0006\000\040\000A\000r\000P\000e\000r\000C\000e\000n\000t\000\137\000p\000e\000r\000C\000e\000n\000t}{subsection.4.3.2}% 35
\BOOKMARK [3][-]{subsubsection.4.3.2.7}{\376\377\0004\000.\0003\000.\0002\000.\0007\000\040\000b\000e\000a\000m\000E\000n\000e\000r\000g\000y}{subsection.4.3.2}% 36
\BOOKMARK [3][-]{subsubsection.4.3.2.8}{\376\377\0004\000.\0003\000.\0002\000.\0008\000\040\000b\000e\000a\000m\000P\000a\000r\000t\000i\000c\000l\000e\000N\000a\000m\000e}{subsection.4.3.2}% 37
\BOOKMARK [3][-]{subsubsection.4.3.2.9}{\376\377\0004\000.\0003\000.\0002\000.\0009\000\040\000C\000O\0002\000M\000o\000l\000W\000e\000i\000g\000h\000t}{subsection.4.3.2}% 38
\BOOKMARK [3][-]{subsubsection.4.3.2.10}{\376\377\0004\000.\0003\000.\0002\000.\0001\0000\000\040\000C\000O\0002\000P\000e\000r\000C\000e\000n\000t\000\137\000n\000o\000r\000m}{subsection.4.3.2}% 39
\BOOKMARK [3][-]{subsubsection.4.3.2.11}{\376\377\0004\000.\0003\000.\0002\000.\0001\0001\000\040\000C\000O\0002\000P\000e\000r\000C\000e\000n\000t\000\137\000p\000e\000r\000C\000e\000n\000t}{subsection.4.3.2}% 40
\BOOKMARK [3][-]{subsubsection.4.3.2.12}{\376\377\0004\000.\0003\000.\0002\000.\0001\0002\000\040\000d\000e\000t\000e\000c\000t\000o\000r\000\137\000h\000a\000l\000f\000\137\000h\000e\000i\000g\000h\000t}{subsection.4.3.2}% 41
\BOOKMARK [3][-]{subsubsection.4.3.2.13}{\376\377\0004\000.\0003\000.\0002\000.\0001\0003\000\040\000d\000e\000t\000e\000c\000t\000o\000r\000\137\000h\000a\000l\000f\000\137\000w\000i\000d\000t\000h}{subsection.4.3.2}% 42
\BOOKMARK [3][-]{subsubsection.4.3.2.14}{\376\377\0004\000.\0003\000.\0002\000.\0001\0004\000\040\000d\000e\000t\000e\000c\000t\000o\000r\000V\000o\000l\000\137\000h\000a\000l\000f\000X}{subsection.4.3.2}% 43
\BOOKMARK [3][-]{subsubsection.4.3.2.15}{\376\377\0004\000.\0003\000.\0002\000.\0001\0005\000\040\000d\000e\000t\000e\000c\000t\000o\000r\000V\000o\000l\000\137\000h\000a\000l\000f\000Y}{subsection.4.3.2}% 44
\BOOKMARK [3][-]{subsubsection.4.3.2.16}{\376\377\0004\000.\0003\000.\0002\000.\0001\0006\000\040\000d\000e\000t\000e\000c\000t\000o\000r\000V\000o\000l\000\137\000h\000a\000l\000f\000Z}{subsection.4.3.2}% 45
\BOOKMARK [3][-]{subsubsection.4.3.2.17}{\376\377\0004\000.\0003\000.\0002\000.\0001\0007\000\040\000d\000r\000i\000f\000t\000\137\000g\000a\000p}{subsection.4.3.2}% 46
\BOOKMARK [3][-]{subsubsection.4.3.2.18}{\376\377\0004\000.\0003\000.\0002\000.\0001\0008\000\040\000f\000r\000a\000m\000e\000\137\000h\000a\000l\000f\000X}{subsection.4.3.2}% 47
\BOOKMARK [3][-]{subsubsection.4.3.2.19}{\376\377\0004\000.\0003\000.\0002\000.\0001\0009\000\040\000f\000r\000a\000m\000e\000\137\000h\000a\000l\000f\000Y}{subsection.4.3.2}% 48
\BOOKMARK [3][-]{subsubsection.4.3.2.20}{\376\377\0004\000.\0003\000.\0002\000.\0002\0000\000\040\000f\000r\000a\000m\000e\000\137\000h\000a\000l\000f\000Z}{subsection.4.3.2}% 49
\BOOKMARK [3][-]{subsubsection.4.3.2.21}{\376\377\0004\000.\0003\000.\0002\000.\0002\0001\000\040\000f\000r\000a\000m\000e\000\137\000h\000o\000l\000e\000\137\000h\000a\000l\000f\000X}{subsection.4.3.2}% 50
\BOOKMARK [3][-]{subsubsection.4.3.2.22}{\376\377\0004\000.\0003\000.\0002\000.\0002\0002\000\040\000f\000r\000a\000m\000e\000\137\000h\000o\000l\000e\000\137\000h\000a\000l\000f\000Y}{subsection.4.3.2}% 51
\BOOKMARK [3][-]{subsubsection.4.3.2.23}{\376\377\0004\000.\0003\000.\0002\000.\0002\0003\000\040\000f\000r\000a\000m\000e\000\137\000h\000o\000l\000e\000\137\000h\000a\000l\000f\000Z}{subsection.4.3.2}% 52
\BOOKMARK [3][-]{subsubsection.4.3.2.24}{\376\377\0004\000.\0003\000.\0002\000.\0002\0004\000\040\000f\000r\000a\000m\000e\000\137\000t\000o\000t\000a\000l\000\137\000t\000h\000i\000c\000k\000n\000e\000s\000s}{subsection.4.3.2}% 53
\BOOKMARK [3][-]{subsubsection.4.3.2.25}{\376\377\0004\000.\0003\000.\0002\000.\0002\0005\000\040\000g\000l\000u\000e\000\137\000b\000l\000o\000c\000k\000\137\000h\000a\000l\000f\000X}{subsection.4.3.2}% 54
\BOOKMARK [3][-]{subsubsection.4.3.2.26}{\376\377\0004\000.\0003\000.\0002\000.\0002\0006\000\040\000g\000l\000u\000e\000\137\000b\000l\000o\000c\000k\000\137\000h\000a\000l\000f\000Y}{subsection.4.3.2}% 55
\BOOKMARK [3][-]{subsubsection.4.3.2.27}{\376\377\0004\000.\0003\000.\0002\000.\0002\0007\000\040\000g\000l\000u\000e\000\137\000b\000l\000o\000c\000k\000\137\000h\000a\000l\000f\000Z}{subsection.4.3.2}% 56
\BOOKMARK [3][-]{subsubsection.4.3.2.28}{\376\377\0004\000.\0003\000.\0002\000.\0002\0008\000\040\000g\000l\000u\000e\000\137\000s\000t\000r\000i\000p\000\137\000h\000a\000l\000f\000X}{subsection.4.3.2}% 57
\BOOKMARK [3][-]{subsubsection.4.3.2.29}{\376\377\0004\000.\0003\000.\0002\000.\0002\0009\000\040\000g\000l\000u\000e\000\137\000s\000t\000r\000i\000p\000\137\000h\000a\000l\000f\000Y}{subsection.4.3.2}% 58
\BOOKMARK [3][-]{subsubsection.4.3.2.30}{\376\377\0004\000.\0003\000.\0002\000.\0003\0000\000\040\000g\000l\000u\000e\000\137\000s\000t\000r\000i\000p\000\137\000h\000a\000l\000f\000Z}{subsection.4.3.2}% 59
\BOOKMARK [3][-]{subsubsection.4.3.2.31}{\376\377\0004\000.\0003\000.\0002\000.\0003\0001\000\040\000i\000n\000s\000u\000l\000a\000t\000o\000r\000\137\000b\000l\000o\000c\000k\000\137\000h\000a\000l\000f\000X}{subsection.4.3.2}% 60
\BOOKMARK [3][-]{subsubsection.4.3.2.32}{\376\377\0004\000.\0003\000.\0002\000.\0003\0002\000\040\000i\000n\000s\000u\000l\000a\000t\000o\000r\000\137\000b\000l\000o\000c\000k\000\137\000h\000a\000l\000f\000Y}{subsection.4.3.2}% 61
\BOOKMARK [3][-]{subsubsection.4.3.2.33}{\376\377\0004\000.\0003\000.\0002\000.\0003\0003\000\040\000i\000n\000s\000u\000l\000a\000t\000o\000r\000\137\000b\000l\000o\000c\000k\000\137\000h\000a\000l\000f\000Z}{subsection.4.3.2}% 62
\BOOKMARK [3][-]{subsubsection.4.3.2.34}{\376\377\0004\000.\0003\000.\0002\000.\0003\0004\000\040\000m\000e\000s\000h\000\137\000h\000a\000l\000f\000\137\000w\000i\000d\000t\000h}{subsection.4.3.2}% 63
\BOOKMARK [3][-]{subsubsection.4.3.2.35}{\376\377\0004\000.\0003\000.\0002\000.\0003\0005\000\040\000m\000e\000s\000h\000\137\000i\000n\000n\000e\000r\000\137\000r\000a\000d\000i\000u\000s}{subsection.4.3.2}% 64
\BOOKMARK [3][-]{subsubsection.4.3.2.36}{\376\377\0004\000.\0003\000.\0002\000.\0003\0006\000\040\000m\000e\000s\000h\000\137\000o\000u\000t\000e\000r\000\137\000r\000a\000d\000i\000u\000s}{subsection.4.3.2}% 65
\BOOKMARK [3][-]{subsubsection.4.3.2.37}{\376\377\0004\000.\0003\000.\0002\000.\0003\0007\000\040\000m\000e\000s\000h\000\137\000p\000i\000t\000c\000h}{subsection.4.3.2}% 66
\BOOKMARK [3][-]{subsubsection.4.3.2.38}{\376\377\0004\000.\0003\000.\0002\000.\0003\0008\000\040\000m\000e\000s\000h\000\137\000s\000p\000a\000n\000n\000i\000n\000g\000\137\000a\000n\000g\000l\000e}{subsection.4.3.2}% 67
\BOOKMARK [3][-]{subsubsection.4.3.2.39}{\376\377\0004\000.\0003\000.\0002\000.\0003\0009\000\040\000m\000e\000s\000h\000\137\000s\000t\000a\000r\000t\000i\000n\000g\000\137\000a\000n\000g\000l\000e}{subsection.4.3.2}% 68
\BOOKMARK [3][-]{subsubsection.4.3.2.40}{\376\377\0004\000.\0003\000.\0002\000.\0004\0000\000\040\000m\000y\000l\000a\000r\000\137\000h\000a\000l\000f\000\137\000t\000h\000i\000c\000k\000n\000e\000s\000s}{subsection.4.3.2}% 69
\BOOKMARK [3][-]{subsubsection.4.3.2.41}{\376\377\0004\000.\0003\000.\0002\000.\0004\0001\000\040\000n\000u\000l\000l}{subsection.4.3.2}% 70
\BOOKMARK [3][-]{subsubsection.4.3.2.42}{\376\377\0004\000.\0003\000.\0002\000.\0004\0002\000\040\000p\000a\000r\000t\000i\000c\000l\000e\000G\000u\000n\000\137\000X\000d\000i\000s\000t\000a\000n\000c\000e}{subsection.4.3.2}% 71
\BOOKMARK [3][-]{subsubsection.4.3.2.43}{\376\377\0004\000.\0003\000.\0002\000.\0004\0003\000\040\000p\000a\000r\000t\000i\000c\000l\000e\000G\000u\000n\000\137\000Y\000d\000i\000s\000t\000a\000n\000c\000e}{subsection.4.3.2}% 72
\BOOKMARK [3][-]{subsubsection.4.3.2.44}{\376\377\0004\000.\0003\000.\0002\000.\0004\0004\000\040\000p\000a\000r\000t\000i\000c\000l\000e\000G\000u\000n\000\137\000Z\000\137\000d\000i\000s\000t\000a\000n\000c\000e}{subsection.4.3.2}% 73
\BOOKMARK [3][-]{subsubsection.4.3.2.45}{\376\377\0004\000.\0003\000.\0002\000.\0004\0005\000\040\000p\000c\000b\000\137\000h\000a\000l\000f\000X}{subsection.4.3.2}% 74
\BOOKMARK [3][-]{subsubsection.4.3.2.46}{\376\377\0004\000.\0003\000.\0002\000.\0004\0006\000\040\000p\000c\000b\000\137\000h\000a\000l\000f\000Y}{subsection.4.3.2}% 75
\BOOKMARK [3][-]{subsubsection.4.3.2.47}{\376\377\0004\000.\0003\000.\0002\000.\0004\0007\000\040\000p\000c\000b\000\137\000h\000a\000l\000f\000Z}{subsection.4.3.2}% 76
\BOOKMARK [3][-]{subsubsection.4.3.2.48}{\376\377\0004\000.\0003\000.\0002\000.\0004\0008\000\040\000p\000c\000b\000\137\000t\000o\000t\000a\000l\000\137\000t\000h\000i\000c\000k\000n\000e\000s\000s}{subsection.4.3.2}% 77
\BOOKMARK [3][-]{subsubsection.4.3.2.49}{\376\377\0004\000.\0003\000.\0002\000.\0004\0009\000\040\000p\000i\000l\000l\000a\000r\000\137\000h\000a\000l\000f\000\137\000w\000i\000d\000t\000h}{subsection.4.3.2}% 78
\BOOKMARK [3][-]{subsubsection.4.3.2.50}{\376\377\0004\000.\0003\000.\0002\000.\0005\0000\000\040\000p\000i\000l\000l\000a\000r\000\137\000i\000n\000n\000e\000r\000\137\000r\000a\000d\000i\000u\000s}{subsection.4.3.2}% 79
\BOOKMARK [3][-]{subsubsection.4.3.2.51}{\376\377\0004\000.\0003\000.\0002\000.\0005\0001\000\040\000p\000i\000l\000l\000a\000r\000\137\000o\000u\000t\000e\000r\000\137\000r\000a\000d\000i\000u\000s}{subsection.4.3.2}% 80
\BOOKMARK [3][-]{subsubsection.4.3.2.52}{\376\377\0004\000.\0003\000.\0002\000.\0005\0002\000\040\000p\000i\000l\000l\000a\000r\000\137\000p\000i\000t\000c\000h}{subsection.4.3.2}% 81
\BOOKMARK [3][-]{subsubsection.4.3.2.53}{\376\377\0004\000.\0003\000.\0002\000.\0005\0003\000\040\000p\000i\000l\000l\000a\000r\000\137\000s\000p\000a\000n\000n\000i\000n\000g\000\137\000a\000n\000g\000l\000e}{subsection.4.3.2}% 82
\BOOKMARK [3][-]{subsubsection.4.3.2.54}{\376\377\0004\000.\0003\000.\0002\000.\0005\0004\000\040\000p\000i\000l\000l\000a\000r\000\137\000s\000t\000a\000r\000t\000i\000n\000g\000\137\000a\000n\000g\000l\000e}{subsection.4.3.2}% 83
\BOOKMARK [3][-]{subsubsection.4.3.2.55}{\376\377\0004\000.\0003\000.\0002\000.\0005\0005\000\040\000p\000r\000e\000s\000s\000u\000r\000e}{subsection.4.3.2}% 84
\BOOKMARK [3][-]{subsubsection.4.3.2.56}{\376\377\0004\000.\0003\000.\0002\000.\0005\0006\000\040\000s\000t\000r\000i\000p\000\137\000h\000a\000l\000f\000X}{subsection.4.3.2}% 85
\BOOKMARK [3][-]{subsubsection.4.3.2.57}{\376\377\0004\000.\0003\000.\0002\000.\0005\0007\000\040\000s\000t\000r\000i\000p\000\137\000h\000a\000l\000f\000Y}{subsection.4.3.2}% 86
\BOOKMARK [3][-]{subsubsection.4.3.2.58}{\376\377\0004\000.\0003\000.\0002\000.\0005\0008\000\040\000s\000t\000r\000i\000p\000\137\000h\000a\000l\000f\000Z}{subsection.4.3.2}% 87
\BOOKMARK [3][-]{subsubsection.4.3.2.59}{\376\377\0004\000.\0003\000.\0002\000.\0005\0009\000\040\000s\000t\000r\000i\000p\000\137\000p\000i\000t\000c\000h}{subsection.4.3.2}% 88
\BOOKMARK [3][-]{subsubsection.4.3.2.60}{\376\377\0004\000.\0003\000.\0002\000.\0006\0000\000\040\000t\000e\000m\000p\000e\000r\000a\000t\000u\000r\000e}{subsection.4.3.2}% 89
\BOOKMARK [3][-]{subsubsection.4.3.2.61}{\376\377\0004\000.\0003\000.\0002\000.\0006\0001\000\040\000t\000o\000p\000B\000r\000a\000s\000s\000\137\000h\000a\000l\000f\000X}{subsection.4.3.2}% 90
\BOOKMARK [3][-]{subsubsection.4.3.2.62}{\376\377\0004\000.\0003\000.\0002\000.\0006\0002\000\040\000t\000o\000p\000B\000r\000a\000s\000s\000\137\000h\000a\000l\000f\000Y}{subsection.4.3.2}% 91
\BOOKMARK [3][-]{subsubsection.4.3.2.63}{\376\377\0004\000.\0003\000.\0002\000.\0006\0003\000\040\000t\000o\000p\000B\000r\000a\000s\000s\000\137\000h\000a\000l\000f\000Z}{subsection.4.3.2}% 92
\BOOKMARK [3][-]{subsubsection.4.3.2.64}{\376\377\0004\000.\0003\000.\0002\000.\0006\0004\000\040\000t\000o\000p\000H\000o\000l\000e\000\137\000h\000a\000l\000f\000X}{subsection.4.3.2}% 93
\BOOKMARK [3][-]{subsubsection.4.3.2.65}{\376\377\0004\000.\0003\000.\0002\000.\0006\0005\000\040\000t\000o\000p\000H\000o\000l\000e\000\137\000h\000a\000l\000f\000Y}{subsection.4.3.2}% 94
\BOOKMARK [3][-]{subsubsection.4.3.2.66}{\376\377\0004\000.\0003\000.\0002\000.\0006\0006\000\040\000t\000o\000p\000H\000o\000l\000e\000\137\000h\000a\000l\000f\000Z}{subsection.4.3.2}% 95
\BOOKMARK [3][-]{subsubsection.4.3.2.67}{\376\377\0004\000.\0003\000.\0002\000.\0006\0007\000\040\000t\000o\000p\000P\000C\000B\000\137\000h\000a\000l\000f\000X}{subsection.4.3.2}% 96
\BOOKMARK [3][-]{subsubsection.4.3.2.68}{\376\377\0004\000.\0003\000.\0002\000.\0006\0008\000\040\000t\000o\000p\000P\000C\000B\000\137\000h\000a\000l\000f\000Y}{subsection.4.3.2}% 97
\BOOKMARK [3][-]{subsubsection.4.3.2.69}{\376\377\0004\000.\0003\000.\0002\000.\0006\0009\000\040\000t\000o\000p\000P\000C\000B\000\137\000h\000a\000l\000f\000Z}{subsection.4.3.2}% 98
\BOOKMARK [3][-]{subsubsection.4.3.2.70}{\376\377\0004\000.\0003\000.\0002\000.\0007\0000\000\040\000w\000o\000r\000l\000d\000\137\000h\000a\000l\000f\000X}{subsection.4.3.2}% 99
\BOOKMARK [3][-]{subsubsection.4.3.2.71}{\376\377\0004\000.\0003\000.\0002\000.\0007\0001\000\040\000w\000o\000r\000l\000d\000\137\000h\000a\000l\000f\000Y}{subsection.4.3.2}% 100
\BOOKMARK [3][-]{subsubsection.4.3.2.72}{\376\377\0004\000.\0003\000.\0002\000.\0007\0002\000\040\000w\000o\000r\000l\000d\000\137\000h\000a\000l\000f\000Z}{subsection.4.3.2}% 101
\BOOKMARK [1][-]{section.4.4}{\376\377\0004\000.\0004\000\040\000U\000M\000D\000e\000t\000e\000c\000t\000o\000r\000C\000o\000n\000s\000t\000r\000u\000c\000t\000i\000o\000n\000\040\000C\000l\000a\000s\000s\000\040\000R\000e\000f\000e\000r\000e\000n\000c\000e}{chapter.4}% 102
\BOOKMARK [2][-]{subsection.4.4.1}{\376\377\0004\000.\0004\000.\0001\000\040\000D\000e\000t\000a\000i\000l\000e\000d\000\040\000D\000e\000s\000c\000r\000i\000p\000t\000i\000o\000n}{section.4.4}% 103
\BOOKMARK [2][-]{subsection.4.4.2}{\376\377\0004\000.\0004\000.\0002\000\040\000C\000o\000n\000s\000t\000r\000u\000c\000t\000o\000r\000\040\000\046\000\040\000D\000e\000s\000t\000r\000u\000c\000t\000o\000r\000\040\000D\000o\000c\000u\000m\000e\000n\000t\000a\000t\000i\000o\000n}{section.4.4}% 104
\BOOKMARK [3][-]{subsubsection.4.4.2.1}{\376\377\0004\000.\0004\000.\0002\000.\0001\000\040\000U\000M\000D\000e\000t\000e\000c\000t\000o\000r\000C\000o\000n\000s\000t\000r\000u\000c\000t\000i\000o\000n\000\050\000\051}{subsection.4.4.2}% 105
\BOOKMARK [3][-]{subsubsection.4.4.2.2}{\376\377\0004\000.\0004\000.\0002\000.\0002\000\040\000U\000M\000D\000e\000t\000e\000c\000t\000o\000r\000C\000o\000n\000s\000t\000r\000u\000c\000t\000i\000o\000n\000\050\000\051}{subsection.4.4.2}% 106
\BOOKMARK [2][-]{subsection.4.4.3}{\376\377\0004\000.\0004\000.\0003\000\040\000M\000e\000m\000b\000e\000r\000\040\000F\000u\000n\000c\000t\000i\000o\000n\000\040\000D\000o\000c\000u\000m\000e\000n\000t\000a\000t\000i\000o\000n}{section.4.4}% 107
\BOOKMARK [3][-]{subsubsection.4.4.3.1}{\376\377\0004\000.\0004\000.\0003\000.\0001\000\040\000c\000a\000l\000c\000u\000l\000a\000t\000e\000D\000e\000n\000s\000i\000t\000y\000\050\000G\0004\000d\000o\000u\000b\000l\000e\000\040\000m\000o\000l\000W\000e\000i\000g\000h\000t\000A\000,\000\040\000G\0004\000d\000o\000u\000b\000l\000e\000\040\000p\000e\000r\000C\000e\000n\000t\000A\000,\000\040\000G\0004\000d\000o\000u\000b\000l\000e\000\040\000m\000o\000l\000W\000e\000i\000g\000h\000t\000B\000,\000\040\000G\0004\000d\000o\000u\000b\000l\000e\000\040\000p\000e\000r\000C\000e\000n\000t\000B\000\051}{subsection.4.4.3}% 108
\BOOKMARK [3][-]{subsubsection.4.4.3.2}{\376\377\0004\000.\0004\000.\0003\000.\0002\000\040\000C\000o\000n\000s\000t\000r\000u\000c\000t\000\050\000\051}{subsection.4.4.3}% 109
\BOOKMARK [3][-]{subsubsection.4.4.3.3}{\376\377\0004\000.\0004\000.\0003\000.\0003\000\040\000C\000o\000n\000s\000t\000r\000u\000c\000t\000D\000e\000t\000e\000c\000t\000o\000r\000\050\000\051}{subsection.4.4.3}% 110
\BOOKMARK [3][-]{subsubsection.4.4.3.4}{\376\377\0004\000.\0004\000.\0003\000.\0004\000\040\000D\000e\000f\000i\000n\000e\000M\000a\000t\000e\000r\000i\000a\000l\000s\000\050\000\051}{subsection.4.4.3}% 111
\BOOKMARK [2][-]{subsection.4.4.4}{\376\377\0004\000.\0004\000.\0004\000\040\000F\000i\000e\000l\000d\000\040\000D\000o\000c\000u\000m\000e\000n\000t\000a\000t\000i\000o\000n}{section.4.4}% 112
\BOOKMARK [3][-]{subsubsection.4.4.4.1}{\376\377\0004\000.\0004\000.\0004\000.\0001\000\040\000A\000i\000r}{subsection.4.4.4}% 113
\BOOKMARK [3][-]{subsubsection.4.4.4.2}{\376\377\0004\000.\0004\000.\0004\000.\0002\000\040\000A\000l}{subsection.4.4.4}% 114
\BOOKMARK [3][-]{subsubsection.4.4.4.3}{\376\377\0004\000.\0004\000.\0004\000.\0003\000\040\000A\000l\0002\000O\0003}{subsection.4.4.4}% 115
\BOOKMARK [3][-]{subsubsection.4.4.4.4}{\376\377\0004\000.\0004\000.\0004\000.\0004\000\040\000A\000r\000C\000O\0002}{subsection.4.4.4}% 116
\BOOKMARK [3][-]{subsubsection.4.4.4.5}{\376\377\0004\000.\0004\000.\0004\000.\0005\000\040\000A\000r\000g\000o\000n\000G\000a\000s}{subsection.4.4.4}% 117
\BOOKMARK [3][-]{subsubsection.4.4.4.6}{\376\377\0004\000.\0004\000.\0004\000.\0006\000\040\000B\000r\000a\000s\000s}{subsection.4.4.4}% 118
\BOOKMARK [3][-]{subsubsection.4.4.4.7}{\376\377\0004\000.\0004\000.\0004\000.\0007\000\040\000C}{subsection.4.4.4}% 119
\BOOKMARK [3][-]{subsubsection.4.4.4.8}{\376\377\0004\000.\0004\000.\0004\000.\0008\000\040\000C\000a}{subsection.4.4.4}% 120
\BOOKMARK [3][-]{subsubsection.4.4.4.9}{\376\377\0004\000.\0004\000.\0004\000.\0009\000\040\000C\000a\000O}{subsection.4.4.4}% 121
\BOOKMARK [3][-]{subsubsection.4.4.4.10}{\376\377\0004\000.\0004\000.\0004\000.\0001\0000\000\040\000C\000l}{subsection.4.4.4}% 122
\BOOKMARK [3][-]{subsubsection.4.4.4.11}{\376\377\0004\000.\0004\000.\0004\000.\0001\0001\000\040\000C\000O\0002}{subsection.4.4.4}% 123
\BOOKMARK [3][-]{subsubsection.4.4.4.12}{\376\377\0004\000.\0004\000.\0004\000.\0001\0002\000\040\000C\000u}{subsection.4.4.4}% 124
\BOOKMARK [3][-]{subsubsection.4.4.4.13}{\376\377\0004\000.\0004\000.\0004\000.\0001\0003\000\040\000D\000r\000y\000A\000i\000r}{subsection.4.4.4}% 125
\BOOKMARK [3][-]{subsubsection.4.4.4.14}{\376\377\0004\000.\0004\000.\0004\000.\0001\0004\000\040\000E\000p\000o\000x\000y}{subsection.4.4.4}% 126
\BOOKMARK [3][-]{subsubsection.4.4.4.15}{\376\377\0004\000.\0004\000.\0004\000.\0001\0005\000\040\000F\000e}{subsection.4.4.4}% 127
\BOOKMARK [3][-]{subsubsection.4.4.4.16}{\376\377\0004\000.\0004\000.\0004\000.\0001\0006\000\040\000G\0001\0000}{subsection.4.4.4}% 128
\BOOKMARK [3][-]{subsubsection.4.4.4.17}{\376\377\0004\000.\0004\000.\0004\000.\0001\0007\000\040\000G\000r\000a\000p\000h\000i\000t\000e}{subsection.4.4.4}% 129
\BOOKMARK [3][-]{subsubsection.4.4.4.18}{\376\377\0004\000.\0004\000.\0004\000.\0001\0008\000\040\000H\0002}{subsection.4.4.4}% 130
\BOOKMARK [3][-]{subsubsection.4.4.4.19}{\376\377\0004\000.\0004\000.\0004\000.\0001\0009\000\040\000K\000a\000p\000t\000o\000n}{subsection.4.4.4}% 131
\BOOKMARK [3][-]{subsubsection.4.4.4.20}{\376\377\0004\000.\0004\000.\0004\000.\0002\0000\000\040\000M\000g}{subsection.4.4.4}% 132
\BOOKMARK [3][-]{subsubsection.4.4.4.21}{\376\377\0004\000.\0004\000.\0004\000.\0002\0001\000\040\000M\000g\000O}{subsection.4.4.4}% 133
\BOOKMARK [3][-]{subsubsection.4.4.4.22}{\376\377\0004\000.\0004\000.\0004\000.\0002\0002\000\040\000M\000y\000l\000a\000r}{subsection.4.4.4}% 134
\BOOKMARK [3][-]{subsubsection.4.4.4.23}{\376\377\0004\000.\0004\000.\0004\000.\0002\0003\000\040\000N\0002}{subsection.4.4.4}% 135
\BOOKMARK [3][-]{subsubsection.4.4.4.24}{\376\377\0004\000.\0004\000.\0004\000.\0002\0004\000\040\000N\000a}{subsection.4.4.4}% 136
\BOOKMARK [3][-]{subsubsection.4.4.4.25}{\376\377\0004\000.\0004\000.\0004\000.\0002\0005\000\040\000N\000a\0002\000O}{subsection.4.4.4}% 137
\BOOKMARK [3][-]{subsubsection.4.4.4.26}{\376\377\0004\000.\0004\000.\0004\000.\0002\0006\000\040\000O\0002}{subsection.4.4.4}% 138
\BOOKMARK [3][-]{subsubsection.4.4.4.27}{\376\377\0004\000.\0004\000.\0004\000.\0002\0007\000\040\000R\000e\000s\000S\000t\000r\000i\000p\000M\000a\000t}{subsection.4.4.4}% 139
\BOOKMARK [3][-]{subsubsection.4.4.4.28}{\376\377\0004\000.\0004\000.\0004\000.\0002\0008\000\040\000S\000i}{subsection.4.4.4}% 140
\BOOKMARK [3][-]{subsubsection.4.4.4.29}{\376\377\0004\000.\0004\000.\0004\000.\0002\0009\000\040\000S\000i\000O\0002}{subsection.4.4.4}% 141
\BOOKMARK [3][-]{subsubsection.4.4.4.30}{\376\377\0004\000.\0004\000.\0004\000.\0003\0000\000\040\000S\000t\000a\000i\000n\000l\000e\000s\000s\000S\000t\000e\000e\000l}{subsection.4.4.4}% 142
\BOOKMARK [3][-]{subsubsection.4.4.4.31}{\376\377\0004\000.\0004\000.\0004\000.\0003\0001\000\040\000w\000a\000t\000e\000r}{subsection.4.4.4}% 143
\BOOKMARK [3][-]{subsubsection.4.4.4.32}{\376\377\0004\000.\0004\000.\0004\000.\0003\0002\000\040\000Z\000n}{subsection.4.4.4}% 144
\BOOKMARK [1][-]{section.4.5}{\376\377\0004\000.\0005\000\040\000U\000M\000E\000v\000e\000n\000t\000A\000c\000t\000i\000o\000n\000\040\000C\000l\000a\000s\000s\000\040\000R\000e\000f\000e\000r\000e\000n\000c\000e}{chapter.4}% 145
\BOOKMARK [2][-]{subsection.4.5.1}{\376\377\0004\000.\0005\000.\0001\000\040\000C\000o\000n\000s\000t\000r\000u\000c\000t\000o\000r\000\040\000\046\000\040\000D\000e\000s\000t\000r\000u\000c\000t\000o\000r\000\040\000D\000o\000c\000u\000m\000e\000n\000t\000a\000t\000i\000o\000n}{section.4.5}% 146
\BOOKMARK [3][-]{subsubsection.4.5.1.1}{\376\377\0004\000.\0005\000.\0001\000.\0001\000\040\000U\000M\000E\000v\000e\000n\000t\000A\000c\000t\000i\000o\000n\000\050\000o\000f\000s\000t\000r\000e\000a\000m\000\040\000\046\000t\000o\000t\000a\000l\000H\000i\000t\000s\000,\000\040\000o\000f\000s\000t\000r\000e\000a\000m\000\040\000\046\000e\000n\000e\000r\000g\000y\000H\000i\000t\000s\000\051}{subsection.4.5.1}% 147
\BOOKMARK [3][-]{subsubsection.4.5.1.2}{\376\377\0004\000.\0005\000.\0001\000.\0002\000\040\000U\000M\000E\000v\000e\000n\000t\000A\000c\000t\000i\000o\000n\000\050\000\051}{subsection.4.5.1}% 148
\BOOKMARK [2][-]{subsection.4.5.2}{\376\377\0004\000.\0005\000.\0002\000\040\000M\000e\000m\000b\000e\000r\000\040\000F\000u\000n\000c\000t\000i\000o\000n\000\040\000D\000o\000c\000u\000m\000e\000n\000t\000a\000t\000i\000o\000n}{section.4.5}% 149
\BOOKMARK [3][-]{subsubsection.4.5.2.1}{\376\377\0004\000.\0005\000.\0002\000.\0001\000\040\000B\000e\000g\000i\000n\000O\000f\000E\000v\000e\000n\000t\000A\000c\000t\000i\000o\000n\000\050\000c\000o\000n\000s\000t\000\040\000G\0004\000E\000v\000e\000n\000t\000\040\000a\000n\000E\000v\000e\000n\000t\000\051}{subsection.4.5.2}% 150
\BOOKMARK [3][-]{subsubsection.4.5.2.2}{\376\377\0004\000.\0005\000.\0002\000.\0002\000\040\000E\000n\000d\000O\000f\000E\000v\000e\000n\000t\000A\000c\000t\000i\000o\000n\000\050\000c\000o\000n\000s\000t\000\040\000G\0004\000E\000v\000e\000n\000t\000\040\000a\000n\000E\000v\000e\000n\000t\000\051}{subsection.4.5.2}% 151
\BOOKMARK [3][-]{subsubsection.4.5.2.3}{\376\377\0004\000.\0005\000.\0002\000.\0003\000\040\000G\000e\000t\000S\000e\000n\000s\000i\000t\000i\000v\000e\000D\000e\000t\000e\000c\000t\000o\000r\000\050\000G\0004\000S\000t\000r\000i\000n\000g\000\040\000d\000e\000t\000n\000a\000m\000e\000\051}{subsection.4.5.2}% 152
\BOOKMARK [3][-]{subsubsection.4.5.2.4}{\376\377\0004\000.\0005\000.\0002\000.\0004\000\040\000S\000e\000t\000R\000o\000o\000t\000S\000a\000v\000e\000r\000\050\000U\000M\000R\000o\000o\000t\000S\000a\000v\000e\000r\000\040\000s\000a\000v\000e\000r\000\051}{subsection.4.5.2}% 153
\BOOKMARK [2][-]{subsection.4.5.3}{\376\377\0004\000.\0005\000.\0003\000\040\000F\000i\000e\000l\000d\000\040\000D\000o\000c\000u\000m\000e\000n\000t\000a\000t\000i\000o\000n}{section.4.5}% 154
\BOOKMARK [3][-]{subsubsection.4.5.3.1}{\376\377\0004\000.\0005\000.\0003\000.\0001\000\040\000D\000e\000p\000o\000s\000C\000o\000u\000n\000t}{subsection.4.5.3}% 155
\BOOKMARK [3][-]{subsubsection.4.5.3.2}{\376\377\0004\000.\0005\000.\0003\000.\0002\000\040\000E\000D\000e\000p}{subsection.4.5.3}% 156
\BOOKMARK [3][-]{subsubsection.4.5.3.3}{\376\377\0004\000.\0005\000.\0003\000.\0003\000\040\000f\000e\000n\000e\000r\000g\000y\000H\000i\000t\000s}{subsection.4.5.3}% 157
\BOOKMARK [3][-]{subsubsection.4.5.3.4}{\376\377\0004\000.\0005\000.\0003\000.\0004\000\040\000f\000t\000o\000t\000a\000l\000H\000i\000t\000s}{subsection.4.5.3}% 158
\BOOKMARK [3][-]{subsubsection.4.5.3.5}{\376\377\0004\000.\0005\000.\0003\000.\0005\000\040\000h\000i\000t\000s\000C\000o\000l\000l\000I\000D}{subsection.4.5.3}% 159
\BOOKMARK [3][-]{subsubsection.4.5.3.6}{\376\377\0004\000.\0005\000.\0003\000.\0006\000\040\000m\000u\000m}{subsection.4.5.3}% 160
\BOOKMARK [3][-]{subsubsection.4.5.3.7}{\376\377\0004\000.\0005\000.\0003\000.\0007\000\040\000p\000a\000r\000t\000i\000c\000l\000e}{subsection.4.5.3}% 161
\BOOKMARK [3][-]{subsubsection.4.5.3.8}{\376\377\0004\000.\0005\000.\0003\000.\0008\000\040\000p\000a\000r\000t\000P\000d\000g\000I\000d}{subsection.4.5.3}% 162
\BOOKMARK [3][-]{subsubsection.4.5.3.9}{\376\377\0004\000.\0005\000.\0003\000.\0009\000\040\000p\000o\000s\000i\000t\000i\000o\000n}{subsection.4.5.3}% 163
\BOOKMARK [3][-]{subsubsection.4.5.3.10}{\376\377\0004\000.\0005\000.\0003\000.\0001\0000\000\040\000p\000r\000o\000c\000e\000s\000s}{subsection.4.5.3}% 164
\BOOKMARK [3][-]{subsubsection.4.5.3.11}{\376\377\0004\000.\0005\000.\0003\000.\0001\0001\000\040\000R\000S\000a\000v\000e\000r}{subsection.4.5.3}% 165
\BOOKMARK [3][-]{subsubsection.4.5.3.12}{\376\377\0004\000.\0005\000.\0003\000.\0001\0002\000\040\000T\000o\000t\000a\000l\000E\000D\000e\000p}{subsection.4.5.3}% 166
\BOOKMARK [3][-]{subsubsection.4.5.3.13}{\376\377\0004\000.\0005\000.\0003\000.\0001\0003\000\040\000x\000p\000o\000s}{subsection.4.5.3}% 167
\BOOKMARK [3][-]{subsubsection.4.5.3.14}{\376\377\0004\000.\0005\000.\0003\000.\0001\0004\000\040\000y\000p\000o\000s}{subsection.4.5.3}% 168
\BOOKMARK [3][-]{subsubsection.4.5.3.15}{\376\377\0004\000.\0005\000.\0003\000.\0001\0005\000\040\000z\000p\000o\000s}{subsection.4.5.3}% 169
\BOOKMARK [1][-]{section.4.6}{\376\377\0004\000.\0006\000\040\000U\000M\000H\000i\000t\000\040\000C\000l\000a\000s\000s\000\040\000R\000e\000f\000e\000r\000e\000n\000c\000e}{chapter.4}% 170
\BOOKMARK [2][-]{subsection.4.6.1}{\376\377\0004\000.\0006\000.\0001\000\040\000D\000e\000t\000a\000i\000l\000e\000d\000\040\000D\000e\000s\000c\000r\000i\000p\000t\000i\000o\000n}{section.4.6}% 171
\BOOKMARK [2][-]{subsection.4.6.2}{\376\377\0004\000.\0006\000.\0002\000\040\000C\000o\000n\000s\000t\000r\000u\000c\000t\000o\000r\000\040\000\046\000\040\000D\000e\000s\000t\000r\000u\000c\000t\000o\000r\000\040\000D\000o\000c\000u\000m\000e\000n\000t\000a\000t\000i\000o\000n}{section.4.6}% 172
\BOOKMARK [3][-]{subsubsection.4.6.2.1}{\376\377\0004\000.\0006\000.\0002\000.\0001\000\040\000U\000M\000H\000i\000t\000\050\000\051}{subsection.4.6.2}% 173
\BOOKMARK [3][-]{subsubsection.4.6.2.2}{\376\377\0004\000.\0006\000.\0002\000.\0002\000\040\000U\000M\000H\000i\000t\000\050\000\051}{subsection.4.6.2}% 174
\BOOKMARK [3][-]{subsubsection.4.6.2.3}{\376\377\0004\000.\0006\000.\0002\000.\0003\000\040\000U\000M\000H\000i\000t\000\050\000c\000o\000n\000s\000t\000\040\000U\000M\000H\000i\000t\000\040\000\046\000r\000i\000g\000h\000t\000\051}{subsection.4.6.2}% 175
\BOOKMARK [2][-]{subsection.4.6.3}{\376\377\0004\000.\0006\000.\0003\000\040\000M\000e\000m\000b\000e\000r\000\040\000F\000u\000n\000c\000t\000i\000o\000n\000\040\000D\000o\000c\000u\000m\000e\000n\000t\000a\000t\000i\000o\000n}{section.4.6}% 176
\BOOKMARK [3][-]{subsubsection.4.6.3.1}{\376\377\0004\000.\0006\000.\0003\000.\0001\000\040\000A\000d\000d\000E\000D\000e\000p\000\050\000c\000o\000n\000s\000t\000\040\000d\000o\000u\000b\000l\000e\000\040\000e\000\051}{subsection.4.6.3}% 177
\BOOKMARK [3][-]{subsubsection.4.6.3.2}{\376\377\0004\000.\0006\000.\0003\000.\0002\000\040\000D\000r\000a\000w\000\050\000\051}{subsection.4.6.3}% 178
\BOOKMARK [3][-]{subsubsection.4.6.3.3}{\376\377\0004\000.\0006\000.\0003\000.\0003\000\040\000G\000e\000t\000E\000D\000e\000p\000\050\000\051\000\040\000c\000o\000n\000s\000t\000\040}{subsection.4.6.3}% 179
\BOOKMARK [3][-]{subsubsection.4.6.3.4}{\376\377\0004\000.\0006\000.\0003\000.\0004\000\040\000G\000e\000t\000M\000o\000t\000h\000e\000r\000I\000D\000\050\000\051\000\040\000c\000o\000n\000s\000t\000\040}{subsection.4.6.3}% 180
\BOOKMARK [3][-]{subsubsection.4.6.3.5}{\376\377\0004\000.\0006\000.\0003\000.\0005\000\040\000G\000e\000t\000P\000o\000s\000\050\000\051\000\040\000c\000o\000n\000s\000t\000\040}{subsection.4.6.3}% 181
\BOOKMARK [3][-]{subsubsection.4.6.3.6}{\376\377\0004\000.\0006\000.\0003\000.\0006\000\040\000G\000e\000t\000U\000M\000E\000D\000e\000p\000\050\000\051\000\040\000c\000o\000n\000s\000t\000\040}{subsection.4.6.3}% 182
\BOOKMARK [3][-]{subsubsection.4.6.3.7}{\376\377\0004\000.\0006\000.\0003\000.\0007\000\040\000G\000e\000t\000U\000M\000P\000a\000r\000t\000i\000c\000l\000e\000N\000a\000m\000e\000\050\000\051\000\040\000c\000o\000n\000s\000t\000\040}{subsection.4.6.3}% 183
\BOOKMARK [3][-]{subsubsection.4.6.3.8}{\376\377\0004\000.\0006\000.\0003\000.\0008\000\040\000G\000e\000t\000U\000M\000P\000d\000g\000I\000d\000\050\000\051\000\040\000c\000o\000n\000s\000t\000\040}{subsection.4.6.3}% 184
\BOOKMARK [3][-]{subsubsection.4.6.3.9}{\376\377\0004\000.\0006\000.\0003\000.\0009\000\040\000G\000e\000t\000U\000M\000P\000r\000o\000c\000e\000s\000s\000N\000a\000m\000e\000\050\000\051\000\040\000c\000o\000n\000s\000t\000\040}{subsection.4.6.3}% 185
\BOOKMARK [3][-]{subsubsection.4.6.3.10}{\376\377\0004\000.\0006\000.\0003\000.\0001\0000\000\040\000o\000p\000e\000r\000a\000t\000o\000r\000\040\000d\000e\000l\000e\000t\000e\000\050\000v\000o\000i\000d\000\040\000h\000i\000t\000\051}{subsection.4.6.3}% 186
\BOOKMARK [3][-]{subsubsection.4.6.3.11}{\376\377\0004\000.\0006\000.\0003\000.\0001\0001\000\040\000o\000p\000e\000r\000a\000t\000o\000r\000\040\000n\000e\000w\000\050\000s\000i\000z\000e\000\137\000t\000\051}{subsection.4.6.3}% 187
\BOOKMARK [3][-]{subsubsection.4.6.3.12}{\376\377\0004\000.\0006\000.\0003\000.\0001\0002\000\040\000o\000p\000e\000r\000a\000t\000o\000r\000=\000\050\000c\000o\000n\000s\000t\000\040\000U\000M\000H\000i\000t\000\040\000\046\000r\000i\000g\000h\000t\000\051}{subsection.4.6.3}% 188
\BOOKMARK [3][-]{subsubsection.4.6.3.13}{\376\377\0004\000.\0006\000.\0003\000.\0001\0003\000\040\000o\000p\000e\000r\000a\000t\000o\000r\000=\000=\000\050\000c\000o\000n\000s\000t\000\040\000U\000M\000H\000i\000t\000\040\000\046\000r\000i\000g\000h\000t\000\051\000\040\000c\000o\000n\000s\000t\000\040}{subsection.4.6.3}% 189
\BOOKMARK [3][-]{subsubsection.4.6.3.14}{\376\377\0004\000.\0006\000.\0003\000.\0001\0004\000\040\000P\000r\000i\000n\000t\000\050\000\051}{subsection.4.6.3}% 190
\BOOKMARK [3][-]{subsubsection.4.6.3.15}{\376\377\0004\000.\0006\000.\0003\000.\0001\0005\000\040\000S\000e\000t\000M\000o\000t\000h\000e\000r\000I\000D\000\050\000c\000o\000n\000s\000t\000\040\000G\0004\000i\000n\000t\000\040\000M\000I\000D\000\051}{subsection.4.6.3}% 191
\BOOKMARK [3][-]{subsubsection.4.6.3.16}{\376\377\0004\000.\0006\000.\0003\000.\0001\0006\000\040\000S\000e\000t\000P\000o\000s\000i\000t\000i\000o\000n\000\050\000c\000o\000n\000s\000t\000\040\000G\0004\000T\000h\000r\000e\000e\000V\000e\000c\000t\000o\000r\000\040\000x\000y\000z\000\051}{subsection.4.6.3}% 192
\BOOKMARK [3][-]{subsubsection.4.6.3.17}{\376\377\0004\000.\0006\000.\0003\000.\0001\0007\000\040\000S\000e\000t\000U\000M\000E\000D\000e\000p\000\050\000c\000o\000n\000s\000t\000\040\000G\0004\000d\000o\000u\000b\000l\000e\000\040\000e\000\051}{subsection.4.6.3}% 193
\BOOKMARK [3][-]{subsubsection.4.6.3.18}{\376\377\0004\000.\0006\000.\0003\000.\0001\0008\000\040\000S\000e\000t\000U\000M\000P\000a\000r\000t\000i\000c\000l\000e\000N\000a\000m\000e\000\050\000c\000o\000n\000s\000t\000\040\000G\0004\000S\000t\000r\000i\000n\000g\000\040\000p\000n\000\051}{subsection.4.6.3}% 194
\BOOKMARK [3][-]{subsubsection.4.6.3.19}{\376\377\0004\000.\0006\000.\0003\000.\0001\0009\000\040\000S\000e\000t\000U\000M\000P\000d\000g\000I\000d\000\050\000c\000o\000n\000s\000t\000\040\000G\0004\000i\000n\000t\000\040\000p\000d\000g\000i\000d\000\051}{subsection.4.6.3}% 195
\BOOKMARK [3][-]{subsubsection.4.6.3.20}{\376\377\0004\000.\0006\000.\0003\000.\0002\0000\000\040\000S\000e\000t\000U\000M\000P\000r\000o\000c\000e\000s\000s\000N\000a\000m\000e\000\050\000c\000o\000n\000s\000t\000\040\000G\0004\000S\000t\000r\000i\000n\000g\000\040\000p\000n\000\051}{subsection.4.6.3}% 196
\BOOKMARK [2][-]{subsection.4.6.4}{\376\377\0004\000.\0006\000.\0004\000\040\000F\000i\000e\000l\000d\000\040\000D\000o\000c\000u\000m\000e\000n\000t\000a\000t\000i\000o\000n}{section.4.6}% 197
\BOOKMARK [3][-]{subsubsection.4.6.4.1}{\376\377\0004\000.\0006\000.\0004\000.\0001\000\040\000E\000D\000e\000p}{subsection.4.6.4}% 198
\BOOKMARK [3][-]{subsubsection.4.6.4.2}{\376\377\0004\000.\0006\000.\0004\000.\0002\000\040\000M\000o\000t\000h\000e\000r\000I\000D}{subsection.4.6.4}% 199
\BOOKMARK [3][-]{subsubsection.4.6.4.3}{\376\377\0004\000.\0006\000.\0004\000.\0003\000\040\000P\000o\000s\000i\000t\000i\000o\000n}{subsection.4.6.4}% 200
\BOOKMARK [3][-]{subsubsection.4.6.4.4}{\376\377\0004\000.\0006\000.\0004\000.\0004\000\040\000U\000M\000E\000D\000e\000p}{subsection.4.6.4}% 201
\BOOKMARK [3][-]{subsubsection.4.6.4.5}{\376\377\0004\000.\0006\000.\0004\000.\0005\000\040\000U\000M\000P\000a\000r\000t\000i\000c\000l\000e\000N\000a\000m\000e}{subsection.4.6.4}% 202
\BOOKMARK [3][-]{subsubsection.4.6.4.6}{\376\377\0004\000.\0006\000.\0004\000.\0006\000\040\000U\000M\000P\000d\000g\000I\000d}{subsection.4.6.4}% 203
\BOOKMARK [3][-]{subsubsection.4.6.4.7}{\376\377\0004\000.\0006\000.\0004\000.\0007\000\040\000U\000M\000P\000r\000o\000c\000e\000s\000s\000N\000a\000m\000e}{subsection.4.6.4}% 204
\BOOKMARK [1][-]{section.4.7}{\376\377\0004\000.\0007\000\040\000U\000M\000P\000h\000y\000s\000i\000c\000s\000L\000i\000s\000t\000\040\000C\000l\000a\000s\000s\000\040\000R\000e\000f\000e\000r\000e\000n\000c\000e}{chapter.4}% 205
\BOOKMARK [2][-]{subsection.4.7.1}{\376\377\0004\000.\0007\000.\0001\000\040\000D\000e\000t\000a\000i\000l\000e\000d\000\040\000D\000e\000s\000c\000r\000i\000p\000t\000i\000o\000n}{section.4.7}% 206
\BOOKMARK [2][-]{subsection.4.7.2}{\376\377\0004\000.\0007\000.\0002\000\040\000C\000o\000n\000s\000t\000r\000u\000c\000t\000o\000r\000\040\000\046\000\040\000D\000e\000s\000t\000r\000u\000c\000t\000o\000r\000\040\000D\000o\000c\000u\000m\000e\000n\000t\000a\000t\000i\000o\000n}{section.4.7}% 207
\BOOKMARK [3][-]{subsubsection.4.7.2.1}{\376\377\0004\000.\0007\000.\0002\000.\0001\000\040\000U\000M\000P\000h\000y\000s\000i\000c\000s\000L\000i\000s\000t\000\050\000\051}{subsection.4.7.2}% 208
\BOOKMARK [3][-]{subsubsection.4.7.2.2}{\376\377\0004\000.\0007\000.\0002\000.\0002\000\040\000U\000M\000P\000h\000y\000s\000i\000c\000s\000L\000i\000s\000t\000\050\000\051}{subsection.4.7.2}% 209
\BOOKMARK [2][-]{subsection.4.7.3}{\376\377\0004\000.\0007\000.\0003\000\040\000M\000e\000m\000b\000e\000r\000\040\000F\000u\000n\000c\000t\000i\000o\000n\000\040\000D\000o\000c\000u\000m\000e\000n\000t\000a\000t\000i\000o\000n}{section.4.7}% 210
\BOOKMARK [3][-]{subsubsection.4.7.3.1}{\376\377\0004\000.\0007\000.\0003\000.\0001\000\040\000A\000d\000d\000D\000e\000c\000a\000y\000\050\000\051}{subsection.4.7.3}% 211
\BOOKMARK [3][-]{subsubsection.4.7.3.2}{\376\377\0004\000.\0007\000.\0003\000.\0002\000\040\000A\000d\000d\000P\000h\000y\000s\000i\000c\000s\000L\000i\000s\000t\000\050\000c\000o\000n\000s\000t\000\040\000G\0004\000S\000t\000r\000i\000n\000g\000\040\000\046\000n\000a\000m\000e\000\051}{subsection.4.7.3}% 212
\BOOKMARK [3][-]{subsubsection.4.7.3.3}{\376\377\0004\000.\0007\000.\0003\000.\0003\000\040\000C\000o\000n\000s\000t\000r\000u\000c\000t\000H\000a\000d\000r\000o\000n\000i\000c\000\050\000\051}{subsection.4.7.3}% 213
\BOOKMARK [3][-]{subsubsection.4.7.3.4}{\376\377\0004\000.\0007\000.\0003\000.\0004\000\040\000C\000o\000n\000s\000t\000r\000u\000c\000t\000P\000a\000r\000t\000i\000c\000l\000e\000\050\000\051}{subsection.4.7.3}% 214
\BOOKMARK [3][-]{subsubsection.4.7.3.5}{\376\377\0004\000.\0007\000.\0003\000.\0005\000\040\000C\000o\000n\000s\000t\000r\000u\000c\000t\000P\000r\000o\000c\000e\000s\000s\000\050\000\051}{subsection.4.7.3}% 215
\BOOKMARK [3][-]{subsubsection.4.7.3.6}{\376\377\0004\000.\0007\000.\0003\000.\0006\000\040\000S\000e\000t\000C\000u\000t\000F\000o\000r\000E\000l\000e\000c\000t\000r\000o\000n\000\050\000G\0004\000d\000o\000u\000b\000l\000e\000\051}{subsection.4.7.3}% 216
\BOOKMARK [3][-]{subsubsection.4.7.3.7}{\376\377\0004\000.\0007\000.\0003\000.\0007\000\040\000S\000e\000t\000C\000u\000t\000F\000o\000r\000G\000a\000m\000m\000a\000\050\000G\0004\000d\000o\000u\000b\000l\000e\000\051}{subsection.4.7.3}% 217
\BOOKMARK [3][-]{subsubsection.4.7.3.8}{\376\377\0004\000.\0007\000.\0003\000.\0008\000\040\000S\000e\000t\000C\000u\000t\000F\000o\000r\000N\000e\000u\000t\000r\000o\000n\000\050\000G\0004\000d\000o\000u\000b\000l\000e\000\051}{subsection.4.7.3}% 218
\BOOKMARK [3][-]{subsubsection.4.7.3.9}{\376\377\0004\000.\0007\000.\0003\000.\0009\000\040\000S\000e\000t\000C\000u\000t\000F\000o\000r\000P\000o\000s\000i\000t\000r\000o\000n\000\050\000G\0004\000d\000o\000u\000b\000l\000e\000\051}{subsection.4.7.3}% 219
\BOOKMARK [3][-]{subsubsection.4.7.3.10}{\376\377\0004\000.\0007\000.\0003\000.\0001\0000\000\040\000S\000e\000t\000C\000u\000t\000F\000o\000r\000P\000r\000o\000t\000o\000n\000\050\000G\0004\000d\000o\000u\000b\000l\000e\000\051}{subsection.4.7.3}% 220
\BOOKMARK [3][-]{subsubsection.4.7.3.11}{\376\377\0004\000.\0007\000.\0003\000.\0001\0001\000\040\000S\000e\000t\000C\000u\000t\000s\000\050\000\051}{subsection.4.7.3}% 221
\BOOKMARK [2][-]{subsection.4.7.4}{\376\377\0004\000.\0007\000.\0004\000\040\000F\000i\000e\000l\000d\000\040\000D\000o\000c\000u\000m\000e\000n\000t\000a\000t\000i\000o\000n}{section.4.7}% 222
\BOOKMARK [3][-]{subsubsection.4.7.4.1}{\376\377\0004\000.\0007\000.\0004\000.\0001\000\040\000c\000u\000t\000F\000o\000r\000E\000l\000e\000c\000t\000r\000o\000n}{subsection.4.7.4}% 223
\BOOKMARK [3][-]{subsubsection.4.7.4.2}{\376\377\0004\000.\0007\000.\0004\000.\0002\000\040\000c\000u\000t\000F\000o\000r\000G\000a\000m\000m\000a}{subsection.4.7.4}% 224
\BOOKMARK [3][-]{subsubsection.4.7.4.3}{\376\377\0004\000.\0007\000.\0004\000.\0003\000\040\000c\000u\000t\000F\000o\000r\000N\000e\000u\000t\000r\000o\000n}{subsection.4.7.4}% 225
\BOOKMARK [3][-]{subsubsection.4.7.4.4}{\376\377\0004\000.\0007\000.\0004\000.\0004\000\040\000c\000u\000t\000F\000o\000r\000P\000o\000s\000i\000t\000r\000o\000n}{subsection.4.7.4}% 226
\BOOKMARK [3][-]{subsubsection.4.7.4.5}{\376\377\0004\000.\0007\000.\0004\000.\0005\000\040\000c\000u\000t\000F\000o\000r\000P\000r\000o\000t\000o\000n}{subsection.4.7.4}% 227
\BOOKMARK [3][-]{subsubsection.4.7.4.6}{\376\377\0004\000.\0007\000.\0004\000.\0006\000\040\000d\000e\000c\000a\000y\000P\000h\000y\000s\000i\000c\000s\000L\000i\000s\000t}{subsection.4.7.4}% 228
\BOOKMARK [3][-]{subsubsection.4.7.4.7}{\376\377\0004\000.\0007\000.\0004\000.\0007\000\040\000e\000m\000N\000a\000m\000e}{subsection.4.7.4}% 229
\BOOKMARK [3][-]{subsubsection.4.7.4.8}{\376\377\0004\000.\0007\000.\0004\000.\0008\000\040\000e\000m\000P\000h\000y\000s\000i\000c\000s\000L\000i\000s\000t}{subsection.4.7.4}% 230
\BOOKMARK [1][-]{section.4.8}{\376\377\0004\000.\0008\000\040\000U\000M\000P\000r\000i\000m\000a\000r\000y\000G\000e\000n\000e\000r\000a\000t\000o\000r\000A\000c\000t\000i\000o\000n\000\040\000C\000l\000a\000s\000s\000\040\000R\000e\000f\000e\000r\000e\000n\000c\000e}{chapter.4}% 231
\BOOKMARK [2][-]{subsection.4.8.1}{\376\377\0004\000.\0008\000.\0001\000\040\000C\000o\000n\000s\000t\000r\000u\000c\000t\000o\000r\000\040\000\046\000\040\000D\000e\000s\000t\000r\000u\000c\000t\000o\000r\000\040\000D\000o\000c\000u\000m\000e\000n\000t\000a\000t\000i\000o\000n}{section.4.8}% 232
\BOOKMARK [3][-]{subsubsection.4.8.1.1}{\376\377\0004\000.\0008\000.\0001\000.\0001\000\040\000U\000M\000P\000r\000i\000m\000a\000r\000y\000G\000e\000n\000e\000r\000a\000t\000o\000r\000A\000c\000t\000i\000o\000n\000\050\000\051}{subsection.4.8.1}% 233
\BOOKMARK [3][-]{subsubsection.4.8.1.2}{\376\377\0004\000.\0008\000.\0001\000.\0002\000\040\000U\000M\000P\000r\000i\000m\000a\000r\000y\000G\000e\000n\000e\000r\000a\000t\000o\000r\000A\000c\000t\000i\000o\000n\000\050\000\051}{subsection.4.8.1}% 234
\BOOKMARK [2][-]{subsection.4.8.2}{\376\377\0004\000.\0008\000.\0002\000\040\000M\000e\000m\000b\000e\000r\000\040\000F\000u\000n\000c\000t\000i\000o\000n\000\040\000D\000o\000c\000u\000m\000e\000n\000t\000a\000t\000i\000o\000n}{section.4.8}% 235
\BOOKMARK [3][-]{subsubsection.4.8.2.1}{\376\377\0004\000.\0008\000.\0002\000.\0001\000\040\000G\000e\000n\000e\000r\000a\000t\000e\000P\000r\000i\000m\000a\000r\000i\000e\000s\000\050\000G\0004\000E\000v\000e\000n\000t\000\040\000a\000n\000E\000v\000e\000n\000t\000\051}{subsection.4.8.2}% 236
\BOOKMARK [2][-]{subsection.4.8.3}{\376\377\0004\000.\0008\000.\0003\000\040\000F\000i\000e\000l\000d\000\040\000D\000o\000c\000u\000m\000e\000n\000t\000a\000t\000i\000o\000n}{section.4.8}% 237
\BOOKMARK [3][-]{subsubsection.4.8.3.1}{\376\377\0004\000.\0008\000.\0003\000.\0001\000\040\000b\000e\000a\000m\000E\000n\000e\000r\000g\000y}{subsection.4.8.3}% 238
\BOOKMARK [3][-]{subsubsection.4.8.3.2}{\376\377\0004\000.\0008\000.\0003\000.\0002\000\040\000b\000e\000a\000m\000P\000a\000r\000t\000i\000c\000l\000e}{subsection.4.8.3}% 239
\BOOKMARK [3][-]{subsubsection.4.8.3.3}{\376\377\0004\000.\0008\000.\0003\000.\0003\000\040\000b\000e\000a\000m\000P\000a\000r\000t\000i\000c\000l\000e\000N\000a\000m\000e}{subsection.4.8.3}% 240
\BOOKMARK [3][-]{subsubsection.4.8.3.4}{\376\377\0004\000.\0008\000.\0003\000.\0004\000\040\000d\000e\000t\000e\000c\000t\000o\000r\000\137\000h\000a\000l\000f\000\137\000w\000i\000d\000t\000h}{subsection.4.8.3}% 241
\BOOKMARK [3][-]{subsubsection.4.8.3.5}{\376\377\0004\000.\0008\000.\0003\000.\0005\000\040\000d\000e\000t\000e\000c\000t\000o\000r\000\137\000t\000o\000t\000a\000l\000\137\000t\000h\000i\000c\000k\000n\000e\000s\000s}{subsection.4.8.3}% 242
\BOOKMARK [3][-]{subsubsection.4.8.3.6}{\376\377\0004\000.\0008\000.\0003\000.\0006\000\040\000d\000u\000m\000m\000y\0001}{subsection.4.8.3}% 243
\BOOKMARK [3][-]{subsubsection.4.8.3.7}{\376\377\0004\000.\0008\000.\0003\000.\0007\000\040\000d\000u\000m\000m\000y\0002}{subsection.4.8.3}% 244
\BOOKMARK [3][-]{subsubsection.4.8.3.8}{\376\377\0004\000.\0008\000.\0003\000.\0008\000\040\000f\000r\000a\000m\000e\000\137\000t\000o\000t\000a\000l\000\137\000t\000h\000i\000c\000k\000n\000e\000s\000s}{subsection.4.8.3}% 245
\BOOKMARK [3][-]{subsubsection.4.8.3.9}{\376\377\0004\000.\0008\000.\0003\000.\0009\000\040\000p\000a\000r\000t\000i\000c\000l\000e\000G\000u\000n}{subsection.4.8.3}% 246
\BOOKMARK [3][-]{subsubsection.4.8.3.10}{\376\377\0004\000.\0008\000.\0003\000.\0001\0000\000\040\000p\000a\000r\000t\000i\000c\000l\000e\000G\000u\000n\000\137\000X\000d\000i\000s\000t\000a\000n\000c\000e}{subsection.4.8.3}% 247
\BOOKMARK [3][-]{subsubsection.4.8.3.11}{\376\377\0004\000.\0008\000.\0003\000.\0001\0001\000\040\000p\000a\000r\000t\000i\000c\000l\000e\000G\000u\000n\000\137\000Y\000d\000i\000s\000t\000a\000n\000c\000e}{subsection.4.8.3}% 248
\BOOKMARK [3][-]{subsubsection.4.8.3.12}{\376\377\0004\000.\0008\000.\0003\000.\0001\0002\000\040\000p\000a\000r\000t\000i\000c\000l\000e\000G\000u\000n\000\137\000Z\000\137\000d\000i\000s\000t\000a\000n\000c\000e}{subsection.4.8.3}% 249
\BOOKMARK [3][-]{subsubsection.4.8.3.13}{\376\377\0004\000.\0008\000.\0003\000.\0001\0003\000\040\000p\000c\000b\000\137\000t\000o\000t\000a\000l\000\137\000t\000h\000i\000c\000k\000n\000e\000s\000s}{subsection.4.8.3}% 250
\BOOKMARK [3][-]{subsubsection.4.8.3.14}{\376\377\0004\000.\0008\000.\0003\000.\0001\0004\000\040\000p\000h\000i\000\137\000a\000n\000g\000l\000e}{subsection.4.8.3}% 251
\BOOKMARK [3][-]{subsubsection.4.8.3.15}{\376\377\0004\000.\0008\000.\0003\000.\0001\0005\000\040\000t\000h\000e\000t\000a\000\137\000a\000n\000g\000l\000e}{subsection.4.8.3}% 252
\BOOKMARK [1][-]{section.4.9}{\376\377\0004\000.\0009\000\040\000U\000M\000R\000o\000o\000t\000S\000a\000v\000e\000r\000\040\000C\000l\000a\000s\000s\000\040\000R\000e\000f\000e\000r\000e\000n\000c\000e}{chapter.4}% 253
\BOOKMARK [2][-]{subsection.4.9.1}{\376\377\0004\000.\0009\000.\0001\000\040\000C\000o\000n\000s\000t\000r\000u\000c\000t\000o\000r\000\040\000\046\000\040\000D\000e\000s\000t\000r\000u\000c\000t\000o\000r\000\040\000D\000o\000c\000u\000m\000e\000n\000t\000a\000t\000i\000o\000n}{section.4.9}% 254
\BOOKMARK [3][-]{subsubsection.4.9.1.1}{\376\377\0004\000.\0009\000.\0001\000.\0001\000\040\000U\000M\000R\000o\000o\000t\000S\000a\000v\000e\000r\000\050\000\051}{subsection.4.9.1}% 255
\BOOKMARK [3][-]{subsubsection.4.9.1.2}{\376\377\0004\000.\0009\000.\0001\000.\0002\000\040\000U\000M\000R\000o\000o\000t\000S\000a\000v\000e\000r\000\050\000\051}{subsection.4.9.1}% 256
\BOOKMARK [2][-]{subsection.4.9.2}{\376\377\0004\000.\0009\000.\0002\000\040\000M\000e\000m\000b\000e\000r\000\040\000F\000u\000n\000c\000t\000i\000o\000n\000\040\000D\000o\000c\000u\000m\000e\000n\000t\000a\000t\000i\000o\000n}{section.4.9}% 257
\BOOKMARK [3][-]{subsubsection.4.9.2.1}{\376\377\0004\000.\0009\000.\0002\000.\0001\000\040\000a\000d\000d\000L\000i\000n\000e\000\050\000G\0004\000i\000n\000t\000\040\000e\000v\000e\000n\000t\000,\000\040\000G\0004\000d\000o\000u\000b\000l\000e\000\040\000e\000n\000e\000r\000g\000y\000,\000\040\000G\0004\000S\000t\000r\000i\000n\000g\000\040\000p\000a\000r\000t\000i\000c\000l\000e\000N\000a\000m\000e\000,\000\040\000G\0004\000i\000n\000t\000\040\000p\000d\000g\000i\000d\000,\000\040\000G\0004\000S\000t\000r\000i\000n\000g\000\040\000p\000r\000o\000c\000e\000s\000s\000,\000\040\000G\0004\000d\000o\000u\000b\000l\000e\000\040\000x\000p\000o\000s\000,\000\040\000G\0004\000d\000o\000u\000b\000l\000e\000\040\000y\000p\000o\000s\000,\000\040\000G\0004\000d\000o\000u\000b\000l\000e\000\040\000z\000p\000o\000s\000\051}{subsection.4.9.2}% 258
\BOOKMARK [3][-]{subsubsection.4.9.2.2}{\376\377\0004\000.\0009\000.\0002\000.\0002\000\040\000C\000l\000o\000s\000e\000T\000r\000e\000e\000\050\000\051}{subsection.4.9.2}% 259
\BOOKMARK [3][-]{subsubsection.4.9.2.3}{\376\377\0004\000.\0009\000.\0002\000.\0003\000\040\000C\000r\000e\000a\000t\000e\000T\000r\000e\000e\000\050\000\051}{subsection.4.9.2}% 260
\BOOKMARK [2][-]{subsection.4.9.3}{\376\377\0004\000.\0009\000.\0003\000\040\000F\000i\000e\000l\000d\000\040\000D\000o\000c\000u\000m\000e\000n\000t\000a\000t\000i\000o\000n}{section.4.9}% 261
\BOOKMARK [3][-]{subsubsection.4.9.3.1}{\376\377\0004\000.\0009\000.\0003\000.\0001\000\040\000i\000n\000f\000o\000t\000r\000e\000e}{subsection.4.9.3}% 262
\BOOKMARK [3][-]{subsubsection.4.9.3.2}{\376\377\0004\000.\0009\000.\0003\000.\0002\000\040\000l\000i\000n\000e\000\137\000a\000b\000o\000v\000e\000\137\000m\000e\000s\000h}{subsection.4.9.3}% 263
\BOOKMARK [3][-]{subsubsection.4.9.3.3}{\376\377\0004\000.\0009\000.\0003\000.\0003\000\040\000l\000i\000n\000e\000\137\000a\000b\000o\000v\000e\000\137\000r\000e\000s\000i\000s\000t\000i\000v\000e}{subsection.4.9.3}% 264
\BOOKMARK [3][-]{subsubsection.4.9.3.4}{\376\377\0004\000.\0009\000.\0003\000.\0004\000\040\000l\000i\000n\000e\000\137\000A\000r\000g\000o\000n\000\137\000p\000e\000r\000c\000e\000n\000t}{subsection.4.9.3}% 265
\BOOKMARK [3][-]{subsubsection.4.9.3.5}{\376\377\0004\000.\0009\000.\0003\000.\0005\000\040\000l\000i\000n\000e\000\137\000b\000e\000a\000m\000\137\000e\000n\000e\000r\000g\000y}{subsection.4.9.3}% 266
\BOOKMARK [3][-]{subsubsection.4.9.3.6}{\376\377\0004\000.\0009\000.\0003\000.\0006\000\040\000l\000i\000n\000e\000\137\000b\000e\000a\000m\000\137\000s\000t\000a\000r\000t\000X}{subsection.4.9.3}% 267
\BOOKMARK [3][-]{subsubsection.4.9.3.7}{\376\377\0004\000.\0009\000.\0003\000.\0007\000\040\000l\000i\000n\000e\000\137\000b\000e\000a\000m\000\137\000s\000t\000a\000r\000t\000Y}{subsection.4.9.3}% 268
\BOOKMARK [3][-]{subsubsection.4.9.3.8}{\376\377\0004\000.\0009\000.\0003\000.\0008\000\040\000l\000i\000n\000e\000\137\000b\000e\000a\000m\000\137\000s\000t\000a\000r\000t\000Z}{subsection.4.9.3}% 269
\BOOKMARK [3][-]{subsubsection.4.9.3.9}{\376\377\0004\000.\0009\000.\0003\000.\0009\000\040\000l\000i\000n\000e\000\137\000b\000e\000l\000o\000w\000\137\000d\000r\000i\000f\000t}{subsection.4.9.3}% 270
\BOOKMARK [3][-]{subsubsection.4.9.3.10}{\376\377\0004\000.\0009\000.\0003\000.\0001\0000\000\040\000l\000i\000n\000e\000\137\000b\000e\000l\000o\000w\000\137\000m\000e\000s\000h}{subsection.4.9.3}% 271
\BOOKMARK [3][-]{subsubsection.4.9.3.11}{\376\377\0004\000.\0009\000.\0003\000.\0001\0001\000\040\000l\000i\000n\000e\000\137\000C\000O\0002\000\137\000p\000e\000r\000c\000e\000n\000t}{subsection.4.9.3}% 272
\BOOKMARK [3][-]{subsubsection.4.9.3.12}{\376\377\0004\000.\0009\000.\0003\000.\0001\0002\000\040\000l\000i\000n\000e\000\137\000e\000n\000e\000r\000g\000y}{subsection.4.9.3}% 273
\BOOKMARK [3][-]{subsubsection.4.9.3.13}{\376\377\0004\000.\0009\000.\0003\000.\0001\0003\000\040\000l\000i\000n\000e\000\137\000e\000v\000e\000n\000t}{subsection.4.9.3}% 274
\BOOKMARK [3][-]{subsubsection.4.9.3.14}{\376\377\0004\000.\0009\000.\0003\000.\0001\0004\000\040\000l\000i\000n\000e\000\137\000n\000e\000g\000a\000t\000i\000v\000e\000y}{subsection.4.9.3}% 275
\BOOKMARK [3][-]{subsubsection.4.9.3.15}{\376\377\0004\000.\0009\000.\0003\000.\0001\0005\000\040\000l\000i\000n\000e\000\137\000n\000e\000g\000a\000t\000i\000v\000e\000z}{subsection.4.9.3}% 276
\BOOKMARK [3][-]{subsubsection.4.9.3.16}{\376\377\0004\000.\0009\000.\0003\000.\0001\0006\000\040\000l\000i\000n\000e\000\137\000p\000a\000r\000t\000i\000c\000l\000e}{subsection.4.9.3}% 277
\BOOKMARK [3][-]{subsubsection.4.9.3.17}{\376\377\0004\000.\0009\000.\0003\000.\0001\0007\000\040\000l\000i\000n\000e\000\137\000p\000d\000g\000i\000d}{subsection.4.9.3}% 278
\BOOKMARK [3][-]{subsubsection.4.9.3.18}{\376\377\0004\000.\0009\000.\0003\000.\0001\0008\000\040\000l\000i\000n\000e\000\137\000p\000o\000s\000i\000t\000i\000v\000e\000x}{subsection.4.9.3}% 279
\BOOKMARK [3][-]{subsubsection.4.9.3.19}{\376\377\0004\000.\0009\000.\0003\000.\0001\0009\000\040\000l\000i\000n\000e\000\137\000p\000o\000s\000i\000t\000i\000v\000e\000y}{subsection.4.9.3}% 280
\BOOKMARK [3][-]{subsubsection.4.9.3.20}{\376\377\0004\000.\0009\000.\0003\000.\0002\0000\000\040\000l\000i\000n\000e\000\137\000p\000o\000s\000i\000t\000i\000v\000e\000z}{subsection.4.9.3}% 281
\BOOKMARK [3][-]{subsubsection.4.9.3.21}{\376\377\0004\000.\0009\000.\0003\000.\0002\0001\000\040\000l\000i\000n\000e\000\137\000p\000r\000o\000c\000e\000s\000s}{subsection.4.9.3}% 282
\BOOKMARK [3][-]{subsubsection.4.9.3.22}{\376\377\0004\000.\0009\000.\0003\000.\0002\0002\000\040\000l\000i\000n\000e\000\137\000t\000o\000t\000a\000l\000E\000n\000e\000r\000g\000y}{subsection.4.9.3}% 283
\BOOKMARK [3][-]{subsubsection.4.9.3.23}{\376\377\0004\000.\0009\000.\0003\000.\0002\0003\000\040\000l\000i\000n\000e\000\137\000x\000p\000o\000s}{subsection.4.9.3}% 284
\BOOKMARK [3][-]{subsubsection.4.9.3.24}{\376\377\0004\000.\0009\000.\0003\000.\0002\0004\000\040\000l\000i\000n\000e\000\137\000y\000p\000o\000s}{subsection.4.9.3}% 285
\BOOKMARK [3][-]{subsubsection.4.9.3.25}{\376\377\0004\000.\0009\000.\0003\000.\0002\0005\000\040\000l\000i\000n\000e\000\137\000z\000p\000o\000s}{subsection.4.9.3}% 286
\BOOKMARK [3][-]{subsubsection.4.9.3.26}{\376\377\0004\000.\0009\000.\0003\000.\0002\0006\000\040\000l\000i\000n\000e\000t\000r\000e\000e}{subsection.4.9.3}% 287
\BOOKMARK [3][-]{subsubsection.4.9.3.27}{\376\377\0004\000.\0009\000.\0003\000.\0002\0007\000\040\000R\000F\000i\000l\000e}{subsection.4.9.3}% 288
\BOOKMARK [3][-]{subsubsection.4.9.3.28}{\376\377\0004\000.\0009\000.\0003\000.\0002\0008\000\040\000r\000u\000n\000C\000o\000u\000n\000t\000e\000r}{subsection.4.9.3}% 289
\BOOKMARK [1][-]{section.4.10}{\376\377\0004\000.\0001\0000\000\040\000U\000M\000S\000D\000\040\000C\000l\000a\000s\000s\000\040\000R\000e\000f\000e\000r\000e\000n\000c\000e}{chapter.4}% 290
\BOOKMARK [2][-]{subsection.4.10.1}{\376\377\0004\000.\0001\0000\000.\0001\000\040\000D\000e\000t\000a\000i\000l\000e\000d\000\040\000D\000e\000s\000c\000r\000i\000p\000t\000i\000o\000n}{section.4.10}% 291
\BOOKMARK [2][-]{subsection.4.10.2}{\376\377\0004\000.\0001\0000\000.\0002\000\040\000M\000e\000m\000b\000e\000r\000\040\000T\000y\000p\000e\000d\000e\000f\000\040\000D\000o\000c\000u\000m\000e\000n\000t\000a\000t\000i\000o\000n}{section.4.10}% 292
\BOOKMARK [3][-]{subsubsection.4.10.2.1}{\376\377\0004\000.\0001\0000\000.\0002\000.\0001\000\040\000h\000i\000t\000M\000a\000p\000\137\000t}{subsection.4.10.2}% 293
\BOOKMARK [2][-]{subsection.4.10.3}{\376\377\0004\000.\0001\0000\000.\0003\000\040\000C\000o\000n\000s\000t\000r\000u\000c\000t\000o\000r\000\040\000\046\000\040\000D\000e\000s\000t\000r\000u\000c\000t\000o\000r\000\040\000D\000o\000c\000u\000m\000e\000n\000t\000a\000t\000i\000o\000n}{section.4.10}% 294
\BOOKMARK [3][-]{subsubsection.4.10.3.1}{\376\377\0004\000.\0001\0000\000.\0003\000.\0001\000\040\000U\000M\000S\000D\000\050\000G\0004\000S\000t\000r\000i\000n\000g\000\040\000S\000D\000n\000a\000m\000e\000\051}{subsection.4.10.3}% 295
\BOOKMARK [3][-]{subsubsection.4.10.3.2}{\376\377\0004\000.\0001\0000\000.\0003\000.\0002\000\040\000U\000M\000S\000D\000\050\000\051}{subsection.4.10.3}% 296
\BOOKMARK [2][-]{subsection.4.10.4}{\376\377\0004\000.\0001\0000\000.\0004\000\040\000M\000e\000m\000b\000e\000r\000\040\000F\000u\000n\000c\000t\000i\000o\000n\000\040\000D\000o\000c\000u\000m\000e\000n\000t\000a\000t\000i\000o\000n}{section.4.10}% 297
\BOOKMARK [3][-]{subsubsection.4.10.4.1}{\376\377\0004\000.\0001\0000\000.\0004\000.\0001\000\040\000E\000n\000d\000O\000f\000E\000v\000e\000n\000t\000\050\000G\0004\000H\000C\000o\000f\000T\000h\000i\000s\000E\000v\000e\000n\000t\000\040\000H\000C\000E\000\051}{subsection.4.10.4}% 298
\BOOKMARK [3][-]{subsubsection.4.10.4.2}{\376\377\0004\000.\0001\0000\000.\0004\000.\0002\000\040\000I\000n\000i\000t\000i\000a\000l\000i\000z\000e\000\050\000G\0004\000H\000C\000o\000f\000T\000h\000i\000s\000E\000v\000e\000n\000t\000\040\000H\000C\000E\000\051}{subsection.4.10.4}% 299
\BOOKMARK [3][-]{subsubsection.4.10.4.3}{\376\377\0004\000.\0001\0000\000.\0004\000.\0003\000\040\000P\000r\000o\000c\000e\000s\000s\000H\000i\000t\000s\000\050\000G\0004\000S\000t\000e\000p\000\040\000s\000t\000e\000p\000,\000\040\000G\0004\000T\000o\000u\000c\000h\000a\000b\000l\000e\000H\000i\000s\000t\000o\000r\000y\000\040\000R\000O\000h\000i\000s\000t\000\051}{subsection.4.10.4}% 300
\BOOKMARK [2][-]{subsection.4.10.5}{\376\377\0004\000.\0001\0000\000.\0005\000\040\000F\000i\000e\000l\000d\000\040\000D\000o\000c\000u\000m\000e\000n\000t\000a\000t\000i\000o\000n}{section.4.10}% 301
\BOOKMARK [3][-]{subsubsection.4.10.5.1}{\376\377\0004\000.\0001\0000\000.\0005\000.\0001\000\040\000H\000C\000I\000D}{subsection.4.10.5}% 302
\BOOKMARK [3][-]{subsubsection.4.10.5.2}{\376\377\0004\000.\0001\0000\000.\0005\000.\0002\000\040\000h\000i\000t\000M\000a\000p}{subsection.4.10.5}% 303
\BOOKMARK [3][-]{subsubsection.4.10.5.3}{\376\377\0004\000.\0001\0000\000.\0005\000.\0003\000\040\000h\000i\000t\000s\000C\000o\000l\000l\000e\000c\000t\000i\000o\000n}{subsection.4.10.5}% 304
\BOOKMARK [0][-]{chapter.5}{\376\377\0005\000\040\000F\000i\000l\000e\000\040\000D\000o\000c\000u\000m\000e\000n\000t\000a\000t\000i\000o\000n}{}% 305
\BOOKMARK [1][-]{section.5.1}{\376\377\0005\000.\0001\000\040\000i\000n\000c\000l\000u\000d\000e\000/\000P\000h\000y\000s\000L\000i\000s\000t\000E\000m\000S\000t\000a\000n\000d\000a\000r\000d\000.\000h\000h\000\040\000F\000i\000l\000e\000\040\000R\000e\000f\000e\000r\000e\000n\000c\000e}{chapter.5}% 306
\BOOKMARK [1][-]{section.5.2}{\376\377\0005\000.\0002\000\040\000i\000n\000c\000l\000u\000d\000e\000/\000R\000u\000n\000A\000c\000t\000i\000o\000n\000.\000h\000h\000\040\000F\000i\000l\000e\000\040\000R\000e\000f\000e\000r\000e\000n\000c\000e}{chapter.5}% 307
\BOOKMARK [1][-]{section.5.3}{\376\377\0005\000.\0003\000\040\000i\000n\000c\000l\000u\000d\000e\000/\000U\000M\000C\000o\000n\000f\000i\000g\000.\000h\000h\000\040\000F\000i\000l\000e\000\040\000R\000e\000f\000e\000r\000e\000n\000c\000e}{chapter.5}% 308
\BOOKMARK [1][-]{section.5.4}{\376\377\0005\000.\0004\000\040\000i\000n\000c\000l\000u\000d\000e\000/\000U\000M\000D\000e\000t\000e\000c\000t\000o\000r\000C\000o\000n\000s\000t\000r\000u\000c\000t\000i\000o\000n\000.\000h\000h\000\040\000F\000i\000l\000e\000\040\000R\000e\000f\000e\000r\000e\000n\000c\000e}{chapter.5}% 309
\BOOKMARK [1][-]{section.5.5}{\376\377\0005\000.\0005\000\040\000i\000n\000c\000l\000u\000d\000e\000/\000U\000M\000E\000v\000e\000n\000t\000A\000c\000t\000i\000o\000n\000.\000h\000h\000\040\000F\000i\000l\000e\000\040\000R\000e\000f\000e\000r\000e\000n\000c\000e}{chapter.5}% 310
\BOOKMARK [1][-]{section.5.6}{\376\377\0005\000.\0006\000\040\000i\000n\000c\000l\000u\000d\000e\000/\000U\000M\000H\000i\000t\000.\000h\000h\000\040\000F\000i\000l\000e\000\040\000R\000e\000f\000e\000r\000e\000n\000c\000e}{chapter.5}% 311
\BOOKMARK [2][-]{subsection.5.6.1}{\376\377\0005\000.\0006\000.\0001\000\040\000T\000y\000p\000e\000d\000e\000f\000\040\000D\000o\000c\000u\000m\000e\000n\000t\000a\000t\000i\000o\000n}{section.5.6}% 312
\BOOKMARK [3][-]{subsubsection.5.6.1.1}{\376\377\0005\000.\0006\000.\0001\000.\0001\000\040\000U\000M\000H\000i\000t\000s\000C\000o\000l\000l\000e\000c\000t\000i\000o\000n}{subsection.5.6.1}% 313
\BOOKMARK [2][-]{subsection.5.6.2}{\376\377\0005\000.\0006\000.\0002\000\040\000V\000a\000r\000i\000a\000b\000l\000e\000\040\000D\000o\000c\000u\000m\000e\000n\000t\000a\000t\000i\000o\000n}{section.5.6}% 314
\BOOKMARK [3][-]{subsubsection.5.6.2.1}{\376\377\0005\000.\0006\000.\0002\000.\0001\000\040\000U\000M\000H\000i\000t\000A\000l\000l\000o\000c\000a\000t\000o\000r}{subsection.5.6.2}% 315
\BOOKMARK [1][-]{section.5.7}{\376\377\0005\000.\0007\000\040\000i\000n\000c\000l\000u\000d\000e\000/\000U\000M\000P\000h\000y\000s\000i\000c\000s\000L\000i\000s\000t\000.\000h\000h\000\040\000F\000i\000l\000e\000\040\000R\000e\000f\000e\000r\000e\000n\000c\000e}{chapter.5}% 316
\BOOKMARK [1][-]{section.5.8}{\376\377\0005\000.\0008\000\040\000i\000n\000c\000l\000u\000d\000e\000/\000U\000M\000P\000r\000i\000m\000a\000r\000y\000G\000e\000n\000e\000r\000a\000t\000o\000r\000A\000c\000t\000i\000o\000n\000.\000h\000h\000\040\000F\000i\000l\000e\000\040\000R\000e\000f\000e\000r\000e\000n\000c\000e}{chapter.5}% 317
\BOOKMARK [1][-]{section.5.9}{\376\377\0005\000.\0009\000\040\000i\000n\000c\000l\000u\000d\000e\000/\000U\000M\000R\000o\000o\000t\000S\000a\000v\000e\000r\000.\000h\000h\000\040\000F\000i\000l\000e\000\040\000R\000e\000f\000e\000r\000e\000n\000c\000e}{chapter.5}% 318
\BOOKMARK [2][-]{subsection.5.9.1}{\376\377\0005\000.\0009\000.\0001\000\040\000V\000a\000r\000i\000a\000b\000l\000e\000\040\000D\000o\000c\000u\000m\000e\000n\000t\000a\000t\000i\000o\000n}{section.5.9}% 319
\BOOKMARK [3][-]{subsubsection.5.9.1.1}{\376\377\0005\000.\0009\000.\0001\000.\0001\000\040\000e\000n\000c\000h\000a\000n\000n\000e\000l}{subsection.5.9.1}% 320
\BOOKMARK [3][-]{subsubsection.5.9.1.2}{\376\377\0005\000.\0009\000.\0001\000.\0002\000\040\000P\000i}{subsection.5.9.1}% 321
\BOOKMARK [1][-]{section.5.10}{\376\377\0005\000.\0001\0000\000\040\000i\000n\000c\000l\000u\000d\000e\000/\000U\000M\000S\000D\000.\000h\000h\000\040\000F\000i\000l\000e\000\040\000R\000e\000f\000e\000r\000e\000n\000c\000e}{chapter.5}% 322
\BOOKMARK [1][-]{section.5.11}{\376\377\0005\000.\0001\0001\000\040\000i\000n\000c\000l\000u\000d\000e\000/\000U\000M\000V\000i\000s\000M\000a\000n\000a\000g\000e\000r\000.\000h\000h\000\040\000F\000i\000l\000e\000\040\000R\000e\000f\000e\000r\000e\000n\000c\000e}{chapter.5}% 323
\BOOKMARK [1][-]{section.5.12}{\376\377\0005\000.\0001\0002\000\040\000s\000r\000c\000/\000P\000h\000y\000s\000L\000i\000s\000t\000E\000m\000S\000t\000a\000n\000d\000a\000r\000d\000.\000c\000c\000\040\000F\000i\000l\000e\000\040\000R\000e\000f\000e\000r\000e\000n\000c\000e}{chapter.5}% 324
\BOOKMARK [1][-]{section.5.13}{\376\377\0005\000.\0001\0003\000\040\000s\000r\000c\000/\000R\000u\000n\000A\000c\000t\000i\000o\000n\000.\000c\000c\000\040\000F\000i\000l\000e\000\040\000R\000e\000f\000e\000r\000e\000n\000c\000e}{chapter.5}% 325
\BOOKMARK [1][-]{section.5.14}{\376\377\0005\000.\0001\0004\000\040\000s\000r\000c\000/\000U\000M\000C\000o\000n\000f\000i\000g\000.\000c\000c\000\040\000F\000i\000l\000e\000\040\000R\000e\000f\000e\000r\000e\000n\000c\000e}{chapter.5}% 326
\BOOKMARK [2][-]{subsection.5.14.1}{\376\377\0005\000.\0001\0004\000.\0001\000\040\000V\000a\000r\000i\000a\000b\000l\000e\000\040\000D\000o\000c\000u\000m\000e\000n\000t\000a\000t\000i\000o\000n}{section.5.14}% 327
\BOOKMARK [3][-]{subsubsection.5.14.1.1}{\376\377\0005\000.\0001\0004\000.\0001\000.\0001\000\040\000c\000o\000n\000f\000i\000g}{subsection.5.14.1}% 328
\BOOKMARK [1][-]{section.5.15}{\376\377\0005\000.\0001\0005\000\040\000s\000r\000c\000/\000U\000M\000D\000e\000t\000e\000c\000t\000o\000r\000C\000o\000n\000s\000t\000r\000u\000c\000t\000i\000o\000n\000.\000c\000c\000\040\000F\000i\000l\000e\000\040\000R\000e\000f\000e\000r\000e\000n\000c\000e}{chapter.5}% 329
\BOOKMARK [1][-]{section.5.16}{\376\377\0005\000.\0001\0006\000\040\000s\000r\000c\000/\000U\000M\000E\000v\000e\000n\000t\000A\000c\000t\000i\000o\000n\000.\000c\000c\000\040\000F\000i\000l\000e\000\040\000R\000e\000f\000e\000r\000e\000n\000c\000e}{chapter.5}% 330
\BOOKMARK [1][-]{section.5.17}{\376\377\0005\000.\0001\0007\000\040\000s\000r\000c\000/\000U\000M\000H\000i\000t\000.\000c\000c\000\040\000F\000i\000l\000e\000\040\000R\000e\000f\000e\000r\000e\000n\000c\000e}{chapter.5}% 331
\BOOKMARK [2][-]{subsection.5.17.1}{\376\377\0005\000.\0001\0007\000.\0001\000\040\000V\000a\000r\000i\000a\000b\000l\000e\000\040\000D\000o\000c\000u\000m\000e\000n\000t\000a\000t\000i\000o\000n}{section.5.17}% 332
\BOOKMARK [3][-]{subsubsection.5.17.1.1}{\376\377\0005\000.\0001\0007\000.\0001\000.\0001\000\040\000U\000M\000H\000i\000t\000A\000l\000l\000o\000c\000a\000t\000o\000r}{subsection.5.17.1}% 333
\BOOKMARK [1][-]{section.5.18}{\376\377\0005\000.\0001\0008\000\040\000s\000r\000c\000/\000U\000M\000P\000h\000y\000s\000i\000c\000s\000L\000i\000s\000t\000.\000c\000c\000\040\000F\000i\000l\000e\000\040\000R\000e\000f\000e\000r\000e\000n\000c\000e}{chapter.5}% 334
\BOOKMARK [1][-]{section.5.19}{\376\377\0005\000.\0001\0009\000\040\000s\000r\000c\000/\000U\000M\000P\000r\000i\000m\000a\000r\000y\000G\000e\000n\000e\000r\000a\000t\000o\000r\000A\000c\000t\000i\000o\000n\000.\000c\000c\000\040\000F\000i\000l\000e\000\040\000R\000e\000f\000e\000r\000e\000n\000c\000e}{chapter.5}% 335
\BOOKMARK [1][-]{section.5.20}{\376\377\0005\000.\0002\0000\000\040\000s\000r\000c\000/\000U\000M\000R\000o\000o\000t\000S\000a\000v\000e\000r\000.\000c\000c\000\040\000F\000i\000l\000e\000\040\000R\000e\000f\000e\000r\000e\000n\000c\000e}{chapter.5}% 336
\BOOKMARK [1][-]{section.5.21}{\376\377\0005\000.\0002\0001\000\040\000s\000r\000c\000/\000U\000M\000S\000D\000.\000c\000c\000\040\000F\000i\000l\000e\000\040\000R\000e\000f\000e\000r\000e\000n\000c\000e}{chapter.5}% 337
\BOOKMARK [1][-]{section.5.22}{\376\377\0005\000.\0002\0002\000\040\000s\000r\000c\000/\000U\000M\000V\000i\000s\000M\000a\000n\000a\000g\000e\000r\000.\000c\000c\000\040\000F\000i\000l\000e\000\040\000R\000e\000f\000e\000r\000e\000n\000c\000e}{chapter.5}% 338
\BOOKMARK [0][-]{section*.38}{\376\377\000I\000n\000d\000e\000x}{}% 339
